Copyright 1986-2018 Xilinx, Inc. All Rights Reserved.
------------------------------------------------------------------------------------
| Tool Version : Vivado v.2018.3 (lin64) Build 2405991 Thu Dec  6 23:36:41 MST 2018
| Date         : Fri Jun 19 09:11:42 2020
| Host         : XPS running 64-bit Ubuntu 16.04.6 LTS
| Command      : upgrade_ip
| Device       : xc7z035ifbg676-2L
------------------------------------------------------------------------------------

Upgrade Log for IP 'system_rx_intf_0_0'

1. Summary
----------

SUCCESS in the upgrade of system_rx_intf_0_0 (user.org:user:rx_intf:1.1) from (Rev. 1) to (Rev. 2)






Copyright 1986-2018 Xilinx, Inc. All Rights Reserved.
------------------------------------------------------------------------------------
| Tool Version : Vivado v.2018.3 (lin64) Build 2405991 Thu Dec  6 23:36:41 MST 2018
| Date         : Thu Jun 11 18:14:34 2020
| Host         : XPS running 64-bit Ubuntu 16.04.6 LTS
| Command      : upgrade_ip
| Device       : xc7z035ifbg676-2L
------------------------------------------------------------------------------------

Upgrade Log for IP 'system_rx_intf_0_0'

1. Summary
----------

CAUTION (success, with warnings) in the upgrade of system_rx_intf_0_0 from user.org:user:rx_intf:1.0 (Rev. 2) to user.org:user:rx_intf:1.1 (Rev. 1)

After upgrade, an IP may have parameter and port differences compared to the original customization. Please review the parameters within the IP customization GUI to ensure proper functionality. Also, please review the updated IP instantiation template to ensure proper connectivity, and update your design if required.

2. Connection Warnings
----------------------

Detected external port differences while upgrading 'system_rx_intf_0_0'. These changes may impact your design.


-Upgrade has added port 'sample_2'

-Upgrade has added port 'sample_strobe_2'


