Copyright 1986-2018 Xilinx, Inc. All Rights Reserved.
------------------------------------------------------------------------------------------------------------------------
| Tool Version : Vivado v.2018.3 (lin64) Build 2405991 Thu Dec  6 23:36:41 MST 2018
| Date         : Wed Jul  1 21:55:25 2020
| Host         : XPS running 64-bit Ubuntu 16.04.6 LTS
| Command      : report_drc -file system_top_drc_routed.rpt -pb system_top_drc_routed.pb -rpx system_top_drc_routed.rpx
| Design       : system_top
| Device       : xc7z035ifbg676-2L
| Speed File   : -2L
| Design State : Fully Routed
------------------------------------------------------------------------------------------------------------------------

Report DRC

Table of Contents
-----------------
1. REPORT SUMMARY
2. REPORT DETAILS

1. REPORT SUMMARY
-----------------
            Netlist: netlist
          Floorplan: design_1
      Design limits: <entire design considered>
           Ruledeck: default
             Max violations: <unlimited>
             Violations found: 154
+-----------+----------+-------------------------------------------------------------------+------------+
| Rule      | Severity | Description                                                       | Violations |
+-----------+----------+-------------------------------------------------------------------+------------+
| CHECK-3   | Warning  | Report rule limit reached                                         | 1          |
| DPIP-1    | Warning  | Input pipelining                                                  | 14         |
| DPOP-2    | Warning  | MREG Output pipelining                                            | 21         |
| IOSR-1    | Warning  | IOB set reset sharing                                             | 8          |
| REQP-1723 | Warning  | DSP_Abus_sign_bit_restriction                                     | 4          |
| REQP-1724 | Warning  | DSP_Dbus_sign_bit_restriction                                     | 4          |
| REQP-1839 | Warning  | RAMB36 async control check                                        | 20         |
| REQP-1840 | Warning  | RAMB18 async control check                                        | 1          |
| RTSTAT-10 | Warning  | No routable loads                                                 | 1          |
| AVAL-4    | Advisory | enum_USE_DPORT_FALSE_enum_DREG_ADREG_0_connects_CED_CEAD_RSTD_GND | 64         |
| REQP-28   | Advisory | enum_USE_MULT_NONE_connects_CEM_GND                               | 4          |
| REQP-30   | Advisory | enum_MREG_0_connects_CEM_GND                                      | 4          |
| REQP-32   | Advisory | with_OPMODE_USE_MULT_NONE                                         | 6          |
| REQP-165  | Advisory | writefirst                                                        | 2          |
+-----------+----------+-------------------------------------------------------------------+------------+

2. REPORT DETAILS
-----------------
CHECK-3#1 Warning
Report rule limit reached  
REQP-1839 rule limit reached: 20 violations have been found.
Related violations: <none>

DPIP-1#1 Warning
Input pipelining  
DSP i_system_wrapper/system_i/openwifi_ip/rx_intf_0/inst/rx_intf_pl_to_m_axis_i/count_top_scale_plus1_reg input i_system_wrapper/system_i/openwifi_ip/rx_intf_0/inst/rx_intf_pl_to_m_axis_i/count_top_scale_plus1_reg/A[29:0] is not pipelined. Pipelining DSP48 input will improve performance.
Related violations: <none>

DPIP-1#2 Warning
Input pipelining  
DSP i_system_wrapper/system_i/openwifi_ip/rx_intf_0/inst/rx_intf_pl_to_m_axis_i/count_top_scale_reg input i_system_wrapper/system_i/openwifi_ip/rx_intf_0/inst/rx_intf_pl_to_m_axis_i/count_top_scale_reg/A[29:0] is not pipelined. Pipelining DSP48 input will improve performance.
Related violations: <none>

DPIP-1#3 Warning
Input pipelining  
DSP i_system_wrapper/system_i/openwifi_ip/tx_intf_0/inst/tx_bit_intf_i/send_cts_toself_wait_sifs_top_scale_reg input i_system_wrapper/system_i/openwifi_ip/tx_intf_0/inst/tx_bit_intf_i/send_cts_toself_wait_sifs_top_scale_reg/A[29:0] is not pipelined. Pipelining DSP48 input will improve performance.
Related violations: <none>

DPIP-1#4 Warning
Input pipelining  
DSP i_system_wrapper/system_i/openwifi_ip/tx_intf_0/inst/tx_iq_intf_i/rf_i_tmp_reg input i_system_wrapper/system_i/openwifi_ip/tx_intf_0/inst/tx_iq_intf_i/rf_i_tmp_reg/A[29:0] is not pipelined. Pipelining DSP48 input will improve performance.
Related violations: <none>

DPIP-1#5 Warning
Input pipelining  
DSP i_system_wrapper/system_i/openwifi_ip/tx_intf_0/inst/tx_iq_intf_i/rf_i_tmp_reg input i_system_wrapper/system_i/openwifi_ip/tx_intf_0/inst/tx_iq_intf_i/rf_i_tmp_reg/B[17:0] is not pipelined. Pipelining DSP48 input will improve performance.
Related violations: <none>

DPIP-1#6 Warning
Input pipelining  
DSP i_system_wrapper/system_i/openwifi_ip/tx_intf_0/inst/tx_iq_intf_i/rf_q_tmp_reg input i_system_wrapper/system_i/openwifi_ip/tx_intf_0/inst/tx_iq_intf_i/rf_q_tmp_reg/A[29:0] is not pipelined. Pipelining DSP48 input will improve performance.
Related violations: <none>

DPIP-1#7 Warning
Input pipelining  
DSP i_system_wrapper/system_i/openwifi_ip/tx_intf_0/inst/tx_iq_intf_i/rf_q_tmp_reg input i_system_wrapper/system_i/openwifi_ip/tx_intf_0/inst/tx_iq_intf_i/rf_q_tmp_reg/B[17:0] is not pipelined. Pipelining DSP48 input will improve performance.
Related violations: <none>

DPIP-1#8 Warning
Input pipelining  
DSP i_system_wrapper/system_i/openwifi_ip/xpu_0/inst/rssi_i/iq_rssi_to_db_i/iq_rssi2_reg input i_system_wrapper/system_i/openwifi_ip/xpu_0/inst/rssi_i/iq_rssi_to_db_i/iq_rssi2_reg/A[29:0] is not pipelined. Pipelining DSP48 input will improve performance.
Related violations: <none>

DPIP-1#9 Warning
Input pipelining  
DSP i_system_wrapper/system_i/openwifi_ip/xpu_0/inst/rssi_i/iq_rssi_to_db_i/iq_rssi2_reg input i_system_wrapper/system_i/openwifi_ip/xpu_0/inst/rssi_i/iq_rssi_to_db_i/iq_rssi2_reg/B[17:0] is not pipelined. Pipelining DSP48 input will improve performance.
Related violations: <none>

DPIP-1#10 Warning
Input pipelining  
DSP i_system_wrapper/system_i/openwifi_ip/xpu_0/inst/tx_control_i/recv_ack_sig_valid_timeout_top_scale_reg input i_system_wrapper/system_i/openwifi_ip/xpu_0/inst/tx_control_i/recv_ack_sig_valid_timeout_top_scale_reg/A[29:0] is not pipelined. Pipelining DSP48 input will improve performance.
Related violations: <none>

DPIP-1#11 Warning
Input pipelining  
DSP i_system_wrapper/system_i/openwifi_ip/xpu_0/inst/tx_control_i/recv_ack_timeout_top0 input i_system_wrapper/system_i/openwifi_ip/xpu_0/inst/tx_control_i/recv_ack_timeout_top0/A[29:0] is not pipelined. Pipelining DSP48 input will improve performance.
Related violations: <none>

DPIP-1#12 Warning
Input pipelining  
DSP i_system_wrapper/system_i/openwifi_ip/xpu_0/inst/tx_control_i/recv_ack_timeout_top0 input i_system_wrapper/system_i/openwifi_ip/xpu_0/inst/tx_control_i/recv_ack_timeout_top0/C[47:0] is not pipelined. Pipelining DSP48 input will improve performance.
Related violations: <none>

DPIP-1#13 Warning
Input pipelining  
DSP i_system_wrapper/system_i/openwifi_ip/xpu_0/inst/tx_control_i/send_ack_wait_top_scale_reg input i_system_wrapper/system_i/openwifi_ip/xpu_0/inst/tx_control_i/send_ack_wait_top_scale_reg/A[29:0] is not pipelined. Pipelining DSP48 input will improve performance.
Related violations: <none>

DPIP-1#14 Warning
Input pipelining  
DSP i_system_wrapper/system_i/openwifi_ip/xpu_0/inst/tx_on_detection_i/bb_rf_delay_count_top_scale_reg input i_system_wrapper/system_i/openwifi_ip/xpu_0/inst/tx_on_detection_i/bb_rf_delay_count_top_scale_reg/A[29:0] is not pipelined. Pipelining DSP48 input will improve performance.
Related violations: <none>

DPOP-2#1 Warning
MREG Output pipelining  
DSP i_system_wrapper/system_i/openwifi_ip/openofdm_tx_0/inst/dot11_tx/ifft64/stage_16/HWBFLY.bfly/CKPCE_ONE.rp_one_reg multiplier stage i_system_wrapper/system_i/openwifi_ip/openofdm_tx_0/inst/dot11_tx/ifft64/stage_16/HWBFLY.bfly/CKPCE_ONE.rp_one_reg/P[47:0] is not pipelined (MREG=0). Pipelining the multiplier function will improve performance and will save significant power so it is suggested whenever possible to fully pipeline this function.  If this multiplier was inferred, it is suggested to describe an additional register stage after this function.  If there is no registered adder/accumulator following the multiply function, two pipeline stages are suggested to allow both the MREG and PREG registers to be used.  If the DSP48 was instantiated in the design, it is suggested to set both the MREG and PREG attributes to 1 when performing multiply functions.
Related violations: <none>

DPOP-2#2 Warning
MREG Output pipelining  
DSP i_system_wrapper/system_i/openwifi_ip/openofdm_tx_0/inst/dot11_tx/ifft64/stage_16/HWBFLY.bfly/CKPCE_ONE.rp_three_reg multiplier stage i_system_wrapper/system_i/openwifi_ip/openofdm_tx_0/inst/dot11_tx/ifft64/stage_16/HWBFLY.bfly/CKPCE_ONE.rp_three_reg/P[47:0] is not pipelined (MREG=0). Pipelining the multiplier function will improve performance and will save significant power so it is suggested whenever possible to fully pipeline this function.  If this multiplier was inferred, it is suggested to describe an additional register stage after this function.  If there is no registered adder/accumulator following the multiply function, two pipeline stages are suggested to allow both the MREG and PREG registers to be used.  If the DSP48 was instantiated in the design, it is suggested to set both the MREG and PREG attributes to 1 when performing multiply functions.
Related violations: <none>

DPOP-2#3 Warning
MREG Output pipelining  
DSP i_system_wrapper/system_i/openwifi_ip/openofdm_tx_0/inst/dot11_tx/ifft64/stage_16/HWBFLY.bfly/CKPCE_ONE.rp_two_reg multiplier stage i_system_wrapper/system_i/openwifi_ip/openofdm_tx_0/inst/dot11_tx/ifft64/stage_16/HWBFLY.bfly/CKPCE_ONE.rp_two_reg/P[47:0] is not pipelined (MREG=0). Pipelining the multiplier function will improve performance and will save significant power so it is suggested whenever possible to fully pipeline this function.  If this multiplier was inferred, it is suggested to describe an additional register stage after this function.  If there is no registered adder/accumulator following the multiply function, two pipeline stages are suggested to allow both the MREG and PREG registers to be used.  If the DSP48 was instantiated in the design, it is suggested to set both the MREG and PREG attributes to 1 when performing multiply functions.
Related violations: <none>

DPOP-2#4 Warning
MREG Output pipelining  
DSP i_system_wrapper/system_i/openwifi_ip/openofdm_tx_0/inst/dot11_tx/ifft64/stage_32/HWBFLY.bfly/CKPCE_ONE.rp_one_reg multiplier stage i_system_wrapper/system_i/openwifi_ip/openofdm_tx_0/inst/dot11_tx/ifft64/stage_32/HWBFLY.bfly/CKPCE_ONE.rp_one_reg/P[47:0] is not pipelined (MREG=0). Pipelining the multiplier function will improve performance and will save significant power so it is suggested whenever possible to fully pipeline this function.  If this multiplier was inferred, it is suggested to describe an additional register stage after this function.  If there is no registered adder/accumulator following the multiply function, two pipeline stages are suggested to allow both the MREG and PREG registers to be used.  If the DSP48 was instantiated in the design, it is suggested to set both the MREG and PREG attributes to 1 when performing multiply functions.
Related violations: <none>

DPOP-2#5 Warning
MREG Output pipelining  
DSP i_system_wrapper/system_i/openwifi_ip/openofdm_tx_0/inst/dot11_tx/ifft64/stage_32/HWBFLY.bfly/CKPCE_ONE.rp_three_reg multiplier stage i_system_wrapper/system_i/openwifi_ip/openofdm_tx_0/inst/dot11_tx/ifft64/stage_32/HWBFLY.bfly/CKPCE_ONE.rp_three_reg/P[47:0] is not pipelined (MREG=0). Pipelining the multiplier function will improve performance and will save significant power so it is suggested whenever possible to fully pipeline this function.  If this multiplier was inferred, it is suggested to describe an additional register stage after this function.  If there is no registered adder/accumulator following the multiply function, two pipeline stages are suggested to allow both the MREG and PREG registers to be used.  If the DSP48 was instantiated in the design, it is suggested to set both the MREG and PREG attributes to 1 when performing multiply functions.
Related violations: <none>

DPOP-2#6 Warning
MREG Output pipelining  
DSP i_system_wrapper/system_i/openwifi_ip/openofdm_tx_0/inst/dot11_tx/ifft64/stage_32/HWBFLY.bfly/CKPCE_ONE.rp_two_reg multiplier stage i_system_wrapper/system_i/openwifi_ip/openofdm_tx_0/inst/dot11_tx/ifft64/stage_32/HWBFLY.bfly/CKPCE_ONE.rp_two_reg/P[47:0] is not pipelined (MREG=0). Pipelining the multiplier function will improve performance and will save significant power so it is suggested whenever possible to fully pipeline this function.  If this multiplier was inferred, it is suggested to describe an additional register stage after this function.  If there is no registered adder/accumulator following the multiply function, two pipeline stages are suggested to allow both the MREG and PREG registers to be used.  If the DSP48 was instantiated in the design, it is suggested to set both the MREG and PREG attributes to 1 when performing multiply functions.
Related violations: <none>

DPOP-2#7 Warning
MREG Output pipelining  
DSP i_system_wrapper/system_i/openwifi_ip/openofdm_tx_0/inst/dot11_tx/ifft64/stage_64/HWBFLY.bfly/CKPCE_ONE.rp_one_reg multiplier stage i_system_wrapper/system_i/openwifi_ip/openofdm_tx_0/inst/dot11_tx/ifft64/stage_64/HWBFLY.bfly/CKPCE_ONE.rp_one_reg/P[47:0] is not pipelined (MREG=0). Pipelining the multiplier function will improve performance and will save significant power so it is suggested whenever possible to fully pipeline this function.  If this multiplier was inferred, it is suggested to describe an additional register stage after this function.  If there is no registered adder/accumulator following the multiply function, two pipeline stages are suggested to allow both the MREG and PREG registers to be used.  If the DSP48 was instantiated in the design, it is suggested to set both the MREG and PREG attributes to 1 when performing multiply functions.
Related violations: <none>

DPOP-2#8 Warning
MREG Output pipelining  
DSP i_system_wrapper/system_i/openwifi_ip/openofdm_tx_0/inst/dot11_tx/ifft64/stage_64/HWBFLY.bfly/CKPCE_ONE.rp_three_reg multiplier stage i_system_wrapper/system_i/openwifi_ip/openofdm_tx_0/inst/dot11_tx/ifft64/stage_64/HWBFLY.bfly/CKPCE_ONE.rp_three_reg/P[47:0] is not pipelined (MREG=0). Pipelining the multiplier function will improve performance and will save significant power so it is suggested whenever possible to fully pipeline this function.  If this multiplier was inferred, it is suggested to describe an additional register stage after this function.  If there is no registered adder/accumulator following the multiply function, two pipeline stages are suggested to allow both the MREG and PREG registers to be used.  If the DSP48 was instantiated in the design, it is suggested to set both the MREG and PREG attributes to 1 when performing multiply functions.
Related violations: <none>

DPOP-2#9 Warning
MREG Output pipelining  
DSP i_system_wrapper/system_i/openwifi_ip/openofdm_tx_0/inst/dot11_tx/ifft64/stage_64/HWBFLY.bfly/CKPCE_ONE.rp_two_reg multiplier stage i_system_wrapper/system_i/openwifi_ip/openofdm_tx_0/inst/dot11_tx/ifft64/stage_64/HWBFLY.bfly/CKPCE_ONE.rp_two_reg/P[47:0] is not pipelined (MREG=0). Pipelining the multiplier function will improve performance and will save significant power so it is suggested whenever possible to fully pipeline this function.  If this multiplier was inferred, it is suggested to describe an additional register stage after this function.  If there is no registered adder/accumulator following the multiply function, two pipeline stages are suggested to allow both the MREG and PREG registers to be used.  If the DSP48 was instantiated in the design, it is suggested to set both the MREG and PREG attributes to 1 when performing multiply functions.
Related violations: <none>

DPOP-2#10 Warning
MREG Output pipelining  
DSP i_system_wrapper/system_i/openwifi_ip/openofdm_tx_0/inst/dot11_tx/ifft64/stage_8/HWBFLY.bfly/CKPCE_ONE.rp_one_reg multiplier stage i_system_wrapper/system_i/openwifi_ip/openofdm_tx_0/inst/dot11_tx/ifft64/stage_8/HWBFLY.bfly/CKPCE_ONE.rp_one_reg/P[47:0] is not pipelined (MREG=0). Pipelining the multiplier function will improve performance and will save significant power so it is suggested whenever possible to fully pipeline this function.  If this multiplier was inferred, it is suggested to describe an additional register stage after this function.  If there is no registered adder/accumulator following the multiply function, two pipeline stages are suggested to allow both the MREG and PREG registers to be used.  If the DSP48 was instantiated in the design, it is suggested to set both the MREG and PREG attributes to 1 when performing multiply functions.
Related violations: <none>

DPOP-2#11 Warning
MREG Output pipelining  
DSP i_system_wrapper/system_i/openwifi_ip/openofdm_tx_0/inst/dot11_tx/ifft64/stage_8/HWBFLY.bfly/CKPCE_ONE.rp_three_reg multiplier stage i_system_wrapper/system_i/openwifi_ip/openofdm_tx_0/inst/dot11_tx/ifft64/stage_8/HWBFLY.bfly/CKPCE_ONE.rp_three_reg/P[47:0] is not pipelined (MREG=0). Pipelining the multiplier function will improve performance and will save significant power so it is suggested whenever possible to fully pipeline this function.  If this multiplier was inferred, it is suggested to describe an additional register stage after this function.  If there is no registered adder/accumulator following the multiply function, two pipeline stages are suggested to allow both the MREG and PREG registers to be used.  If the DSP48 was instantiated in the design, it is suggested to set both the MREG and PREG attributes to 1 when performing multiply functions.
Related violations: <none>

DPOP-2#12 Warning
MREG Output pipelining  
DSP i_system_wrapper/system_i/openwifi_ip/openofdm_tx_0/inst/dot11_tx/ifft64/stage_8/HWBFLY.bfly/CKPCE_ONE.rp_two_reg multiplier stage i_system_wrapper/system_i/openwifi_ip/openofdm_tx_0/inst/dot11_tx/ifft64/stage_8/HWBFLY.bfly/CKPCE_ONE.rp_two_reg/P[47:0] is not pipelined (MREG=0). Pipelining the multiplier function will improve performance and will save significant power so it is suggested whenever possible to fully pipeline this function.  If this multiplier was inferred, it is suggested to describe an additional register stage after this function.  If there is no registered adder/accumulator following the multiply function, two pipeline stages are suggested to allow both the MREG and PREG registers to be used.  If the DSP48 was instantiated in the design, it is suggested to set both the MREG and PREG attributes to 1 when performing multiply functions.
Related violations: <none>

DPOP-2#13 Warning
MREG Output pipelining  
DSP i_system_wrapper/system_i/openwifi_ip/rx_intf_0/inst/rx_intf_pl_to_m_axis_i/count_top_scale_reg multiplier stage i_system_wrapper/system_i/openwifi_ip/rx_intf_0/inst/rx_intf_pl_to_m_axis_i/count_top_scale_reg/P[47:0] is not pipelined (MREG=0). Pipelining the multiplier function will improve performance and will save significant power so it is suggested whenever possible to fully pipeline this function.  If this multiplier was inferred, it is suggested to describe an additional register stage after this function.  If there is no registered adder/accumulator following the multiply function, two pipeline stages are suggested to allow both the MREG and PREG registers to be used.  If the DSP48 was instantiated in the design, it is suggested to set both the MREG and PREG attributes to 1 when performing multiply functions.
Related violations: <none>

DPOP-2#14 Warning
MREG Output pipelining  
DSP i_system_wrapper/system_i/openwifi_ip/tx_intf_0/inst/tx_bit_intf_i/send_cts_toself_wait_sifs_top_scale_reg multiplier stage i_system_wrapper/system_i/openwifi_ip/tx_intf_0/inst/tx_bit_intf_i/send_cts_toself_wait_sifs_top_scale_reg/P[47:0] is not pipelined (MREG=0). Pipelining the multiplier function will improve performance and will save significant power so it is suggested whenever possible to fully pipeline this function.  If this multiplier was inferred, it is suggested to describe an additional register stage after this function.  If there is no registered adder/accumulator following the multiply function, two pipeline stages are suggested to allow both the MREG and PREG registers to be used.  If the DSP48 was instantiated in the design, it is suggested to set both the MREG and PREG attributes to 1 when performing multiply functions.
Related violations: <none>

DPOP-2#15 Warning
MREG Output pipelining  
DSP i_system_wrapper/system_i/openwifi_ip/tx_intf_0/inst/tx_iq_intf_i/rf_i_tmp_reg multiplier stage i_system_wrapper/system_i/openwifi_ip/tx_intf_0/inst/tx_iq_intf_i/rf_i_tmp_reg/P[47:0] is not pipelined (MREG=0). Pipelining the multiplier function will improve performance and will save significant power so it is suggested whenever possible to fully pipeline this function.  If this multiplier was inferred, it is suggested to describe an additional register stage after this function.  If there is no registered adder/accumulator following the multiply function, two pipeline stages are suggested to allow both the MREG and PREG registers to be used.  If the DSP48 was instantiated in the design, it is suggested to set both the MREG and PREG attributes to 1 when performing multiply functions.
Related violations: <none>

DPOP-2#16 Warning
MREG Output pipelining  
DSP i_system_wrapper/system_i/openwifi_ip/tx_intf_0/inst/tx_iq_intf_i/rf_q_tmp_reg multiplier stage i_system_wrapper/system_i/openwifi_ip/tx_intf_0/inst/tx_iq_intf_i/rf_q_tmp_reg/P[47:0] is not pipelined (MREG=0). Pipelining the multiplier function will improve performance and will save significant power so it is suggested whenever possible to fully pipeline this function.  If this multiplier was inferred, it is suggested to describe an additional register stage after this function.  If there is no registered adder/accumulator following the multiply function, two pipeline stages are suggested to allow both the MREG and PREG registers to be used.  If the DSP48 was instantiated in the design, it is suggested to set both the MREG and PREG attributes to 1 when performing multiply functions.
Related violations: <none>

DPOP-2#17 Warning
MREG Output pipelining  
DSP i_system_wrapper/system_i/openwifi_ip/xpu_0/inst/rssi_i/iq_rssi_to_db_i/iq_rssi2_reg multiplier stage i_system_wrapper/system_i/openwifi_ip/xpu_0/inst/rssi_i/iq_rssi_to_db_i/iq_rssi2_reg/P[47:0] is not pipelined (MREG=0). Pipelining the multiplier function will improve performance and will save significant power so it is suggested whenever possible to fully pipeline this function.  If this multiplier was inferred, it is suggested to describe an additional register stage after this function.  If there is no registered adder/accumulator following the multiply function, two pipeline stages are suggested to allow both the MREG and PREG registers to be used.  If the DSP48 was instantiated in the design, it is suggested to set both the MREG and PREG attributes to 1 when performing multiply functions.
Related violations: <none>

DPOP-2#18 Warning
MREG Output pipelining  
DSP i_system_wrapper/system_i/openwifi_ip/xpu_0/inst/tx_control_i/recv_ack_sig_valid_timeout_top_scale_reg multiplier stage i_system_wrapper/system_i/openwifi_ip/xpu_0/inst/tx_control_i/recv_ack_sig_valid_timeout_top_scale_reg/P[47:0] is not pipelined (MREG=0). Pipelining the multiplier function will improve performance and will save significant power so it is suggested whenever possible to fully pipeline this function.  If this multiplier was inferred, it is suggested to describe an additional register stage after this function.  If there is no registered adder/accumulator following the multiply function, two pipeline stages are suggested to allow both the MREG and PREG registers to be used.  If the DSP48 was instantiated in the design, it is suggested to set both the MREG and PREG attributes to 1 when performing multiply functions.
Related violations: <none>

DPOP-2#19 Warning
MREG Output pipelining  
DSP i_system_wrapper/system_i/openwifi_ip/xpu_0/inst/tx_control_i/recv_ack_timeout_top0 multiplier stage i_system_wrapper/system_i/openwifi_ip/xpu_0/inst/tx_control_i/recv_ack_timeout_top0/P[47:0] is not pipelined (MREG=0). Pipelining the multiplier function will improve performance and will save significant power so it is suggested whenever possible to fully pipeline this function.  If this multiplier was inferred, it is suggested to describe an additional register stage after this function.  If there is no registered adder/accumulator following the multiply function, two pipeline stages are suggested to allow both the MREG and PREG registers to be used.  If the DSP48 was instantiated in the design, it is suggested to set both the MREG and PREG attributes to 1 when performing multiply functions.
Related violations: <none>

DPOP-2#20 Warning
MREG Output pipelining  
DSP i_system_wrapper/system_i/openwifi_ip/xpu_0/inst/tx_control_i/send_ack_wait_top_scale_reg multiplier stage i_system_wrapper/system_i/openwifi_ip/xpu_0/inst/tx_control_i/send_ack_wait_top_scale_reg/P[47:0] is not pipelined (MREG=0). Pipelining the multiplier function will improve performance and will save significant power so it is suggested whenever possible to fully pipeline this function.  If this multiplier was inferred, it is suggested to describe an additional register stage after this function.  If there is no registered adder/accumulator following the multiply function, two pipeline stages are suggested to allow both the MREG and PREG registers to be used.  If the DSP48 was instantiated in the design, it is suggested to set both the MREG and PREG attributes to 1 when performing multiply functions.
Related violations: <none>

DPOP-2#21 Warning
MREG Output pipelining  
DSP i_system_wrapper/system_i/openwifi_ip/xpu_0/inst/tx_on_detection_i/bb_rf_delay_count_top_scale_reg multiplier stage i_system_wrapper/system_i/openwifi_ip/xpu_0/inst/tx_on_detection_i/bb_rf_delay_count_top_scale_reg/P[47:0] is not pipelined (MREG=0). Pipelining the multiplier function will improve performance and will save significant power so it is suggested whenever possible to fully pipeline this function.  If this multiplier was inferred, it is suggested to describe an additional register stage after this function.  If there is no registered adder/accumulator following the multiply function, two pipeline stages are suggested to allow both the MREG and PREG registers to be used.  If the DSP48 was instantiated in the design, it is suggested to set both the MREG and PREG attributes to 1 when performing multiply functions.
Related violations: <none>

IOSR-1#1 Warning
IOB set reset sharing  
IO gpio_status[0] connects to flops which have these i_system_wrapper/system_i/openwifi_ip/xpu_0/inst/xpu_s_axi_i/ACTIVE_LOW_PR_OUT_DFF[0].FDRE_PER_N_1, u_ila_0/inst/ila_core_inst/use_probe_debug_circuit set/reset signals.  For optimal IOB flop packing there should be only one set/reset signal coming into the IOB.
Related violations: <none>

IOSR-1#2 Warning
IOB set reset sharing  
IO gpio_status[1] connects to flops which have these i_system_wrapper/system_i/openwifi_ip/xpu_0/inst/xpu_s_axi_i/ACTIVE_LOW_PR_OUT_DFF[0].FDRE_PER_N_1, u_ila_0/inst/ila_core_inst/use_probe_debug_circuit set/reset signals.  For optimal IOB flop packing there should be only one set/reset signal coming into the IOB.
Related violations: <none>

IOSR-1#3 Warning
IOB set reset sharing  
IO gpio_status[2] connects to flops which have these i_system_wrapper/system_i/openwifi_ip/xpu_0/inst/xpu_s_axi_i/ACTIVE_LOW_PR_OUT_DFF[0].FDRE_PER_N_1, u_ila_0/inst/ila_core_inst/use_probe_debug_circuit set/reset signals.  For optimal IOB flop packing there should be only one set/reset signal coming into the IOB.
Related violations: <none>

IOSR-1#4 Warning
IOB set reset sharing  
IO gpio_status[3] connects to flops which have these i_system_wrapper/system_i/openwifi_ip/xpu_0/inst/xpu_s_axi_i/ACTIVE_LOW_PR_OUT_DFF[0].FDRE_PER_N_1, u_ila_0/inst/ila_core_inst/use_probe_debug_circuit set/reset signals.  For optimal IOB flop packing there should be only one set/reset signal coming into the IOB.
Related violations: <none>

IOSR-1#5 Warning
IOB set reset sharing  
IO gpio_status[4] connects to flops which have these i_system_wrapper/system_i/openwifi_ip/xpu_0/inst/xpu_s_axi_i/ACTIVE_LOW_PR_OUT_DFF[0].FDRE_PER_N_1, u_ila_0/inst/ila_core_inst/use_probe_debug_circuit set/reset signals.  For optimal IOB flop packing there should be only one set/reset signal coming into the IOB.
Related violations: <none>

IOSR-1#6 Warning
IOB set reset sharing  
IO gpio_status[5] connects to flops which have these i_system_wrapper/system_i/openwifi_ip/xpu_0/inst/xpu_s_axi_i/ACTIVE_LOW_PR_OUT_DFF[0].FDRE_PER_N_1, u_ila_0/inst/ila_core_inst/use_probe_debug_circuit set/reset signals.  For optimal IOB flop packing there should be only one set/reset signal coming into the IOB.
Related violations: <none>

IOSR-1#7 Warning
IOB set reset sharing  
IO gpio_status[6] connects to flops which have these i_system_wrapper/system_i/openwifi_ip/xpu_0/inst/xpu_s_axi_i/ACTIVE_LOW_PR_OUT_DFF[0].FDRE_PER_N_1, u_ila_0/inst/ila_core_inst/use_probe_debug_circuit set/reset signals.  For optimal IOB flop packing there should be only one set/reset signal coming into the IOB.
Related violations: <none>

IOSR-1#8 Warning
IOB set reset sharing  
IO gpio_status[7] connects to flops which have these i_system_wrapper/system_i/openwifi_ip/xpu_0/inst/xpu_s_axi_i/ACTIVE_LOW_PR_OUT_DFF[0].FDRE_PER_N_1, u_ila_0/inst/ila_core_inst/use_probe_debug_circuit set/reset signals.  For optimal IOB flop packing there should be only one set/reset signal coming into the IOB.
Related violations: <none>

REQP-1723#1 Warning
DSP_Abus_sign_bit_restriction  
i_system_wrapper/system_i/openwifi_ip/openofdm_rx_0/inst/dot11_i/sync_long_inst/dft_inst/U0/i_synth/xfft_inst/non_floating_point.arch_d.xfft_inst/pe_gen[0].natural_order_input.PE/has_TW_mult.MULT/i_cmpy/three_mult_structure.use_dsp.i_dsp48/mult1_preadder_d_plus_a.mult1/mult/use_prim.appDSP48[0].bppDSP48[0].use_dsp.use_dsp48e1.iDSP48E1: When using the PreAdder and USE_DPORT is TRUE, the A operand should be restricted to 24 bit two's complement (and sign extended) to avoid over/underflow in the pre-add stage.
Related violations: <none>

REQP-1723#2 Warning
DSP_Abus_sign_bit_restriction  
i_system_wrapper/system_i/openwifi_ip/openofdm_rx_0/inst/dot11_i/sync_long_inst/dft_inst/U0/i_synth/xfft_inst/non_floating_point.arch_d.xfft_inst/pe_gen[0].natural_order_input.PE/has_TW_mult.MULT/i_cmpy/three_mult_structure.use_dsp.i_dsp48/mult3_preadder_d_minus_a.mult3/mult/use_prim.appDSP48[0].bppDSP48[0].use_dsp.use_dsp48e1.iDSP48E1: When using the PreAdder and USE_DPORT is TRUE, the A operand should be restricted to 24 bit two's complement (and sign extended) to avoid over/underflow in the pre-add stage.
Related violations: <none>

REQP-1723#3 Warning
DSP_Abus_sign_bit_restriction  
i_system_wrapper/system_i/openwifi_ip/openofdm_rx_0/inst/dot11_i/sync_long_inst/dft_inst/U0/i_synth/xfft_inst/non_floating_point.arch_d.xfft_inst/pe_gen[1].natural_order_input.PE/has_TW_mult.MULT/i_cmpy/three_mult_structure.use_dsp.i_dsp48/mult1_preadder_d_plus_a.mult1/mult/use_prim.appDSP48[0].bppDSP48[0].use_dsp.use_dsp48e1.iDSP48E1: When using the PreAdder and USE_DPORT is TRUE, the A operand should be restricted to 24 bit two's complement (and sign extended) to avoid over/underflow in the pre-add stage.
Related violations: <none>

REQP-1723#4 Warning
DSP_Abus_sign_bit_restriction  
i_system_wrapper/system_i/openwifi_ip/openofdm_rx_0/inst/dot11_i/sync_long_inst/dft_inst/U0/i_synth/xfft_inst/non_floating_point.arch_d.xfft_inst/pe_gen[1].natural_order_input.PE/has_TW_mult.MULT/i_cmpy/three_mult_structure.use_dsp.i_dsp48/mult3_preadder_d_minus_a.mult3/mult/use_prim.appDSP48[0].bppDSP48[0].use_dsp.use_dsp48e1.iDSP48E1: When using the PreAdder and USE_DPORT is TRUE, the A operand should be restricted to 24 bit two's complement (and sign extended) to avoid over/underflow in the pre-add stage.
Related violations: <none>

REQP-1724#1 Warning
DSP_Dbus_sign_bit_restriction  
i_system_wrapper/system_i/openwifi_ip/openofdm_rx_0/inst/dot11_i/sync_long_inst/dft_inst/U0/i_synth/xfft_inst/non_floating_point.arch_d.xfft_inst/pe_gen[0].natural_order_input.PE/has_TW_mult.MULT/i_cmpy/three_mult_structure.use_dsp.i_dsp48/mult1_preadder_d_plus_a.mult1/mult/use_prim.appDSP48[0].bppDSP48[0].use_dsp.use_dsp48e1.iDSP48E1: When using the PreAdder and USE_DPORT is TRUE, the D operand should be restricted to 24 bit two's complement (and sign extended) to avoid over/underflow in the pre-add stage.
Related violations: <none>

REQP-1724#2 Warning
DSP_Dbus_sign_bit_restriction  
i_system_wrapper/system_i/openwifi_ip/openofdm_rx_0/inst/dot11_i/sync_long_inst/dft_inst/U0/i_synth/xfft_inst/non_floating_point.arch_d.xfft_inst/pe_gen[0].natural_order_input.PE/has_TW_mult.MULT/i_cmpy/three_mult_structure.use_dsp.i_dsp48/mult3_preadder_d_minus_a.mult3/mult/use_prim.appDSP48[0].bppDSP48[0].use_dsp.use_dsp48e1.iDSP48E1: When using the PreAdder and USE_DPORT is TRUE, the D operand should be restricted to 24 bit two's complement (and sign extended) to avoid over/underflow in the pre-add stage.
Related violations: <none>

REQP-1724#3 Warning
DSP_Dbus_sign_bit_restriction  
i_system_wrapper/system_i/openwifi_ip/openofdm_rx_0/inst/dot11_i/sync_long_inst/dft_inst/U0/i_synth/xfft_inst/non_floating_point.arch_d.xfft_inst/pe_gen[1].natural_order_input.PE/has_TW_mult.MULT/i_cmpy/three_mult_structure.use_dsp.i_dsp48/mult1_preadder_d_plus_a.mult1/mult/use_prim.appDSP48[0].bppDSP48[0].use_dsp.use_dsp48e1.iDSP48E1: When using the PreAdder and USE_DPORT is TRUE, the D operand should be restricted to 24 bit two's complement (and sign extended) to avoid over/underflow in the pre-add stage.
Related violations: <none>

REQP-1724#4 Warning
DSP_Dbus_sign_bit_restriction  
i_system_wrapper/system_i/openwifi_ip/openofdm_rx_0/inst/dot11_i/sync_long_inst/dft_inst/U0/i_synth/xfft_inst/non_floating_point.arch_d.xfft_inst/pe_gen[1].natural_order_input.PE/has_TW_mult.MULT/i_cmpy/three_mult_structure.use_dsp.i_dsp48/mult3_preadder_d_minus_a.mult3/mult/use_prim.appDSP48[0].bppDSP48[0].use_dsp.use_dsp48e1.iDSP48E1: When using the PreAdder and USE_DPORT is TRUE, the D operand should be restricted to 24 bit two's complement (and sign extended) to avoid over/underflow in the pre-add stage.
Related violations: <none>

REQP-1839#1 Warning
RAMB36 async control check  
The RAMB36E1 i_system_wrapper/system_i/axi_ad9361_dac_dma/inst/i_transfer/i_request_arb/i_store_and_forward/i_mem/m_ram_reg has an input control pin i_system_wrapper/system_i/axi_ad9361_dac_dma/inst/i_transfer/i_request_arb/i_store_and_forward/i_mem/m_ram_reg/ENARDEN (net: i_system_wrapper/system_i/axi_ad9361_dac_dma/inst/i_transfer/i_request_arb/i_store_and_forward/i_mem/E[0]) which is driven by a register (i_system_wrapper/system_i/axi_ad9361_dac_fifo/inst/din_valid_reg) that has an active asychronous set or reset. This may cause corruption of the memory contents and/or read values when the set/reset is asserted and is not analyzed by the default static timing analysis. It is suggested to eliminate the use of a set/reset to registers driving this RAMB pin or else use a synchronous reset in which the assertion of the reset is timed by default.
Related violations: <none>

REQP-1839#2 Warning
RAMB36 async control check  
The RAMB36E1 i_system_wrapper/system_i/axi_ad9361_dac_fifo/inst/i_mem/m_ram_reg has an input control pin i_system_wrapper/system_i/axi_ad9361_dac_fifo/inst/i_mem/m_ram_reg/ADDRBWRADDR[10] (net: i_system_wrapper/system_i/axi_ad9361_dac_fifo/inst/i_mem/m_ram_reg_0[4]) which is driven by a register (i_system_wrapper/system_i/axi_ad9361_dac_fifo/inst/din_waddr_reg[4]) that has an active asychronous set or reset. This may cause corruption of the memory contents and/or read values when the set/reset is asserted and is not analyzed by the default static timing analysis. It is suggested to eliminate the use of a set/reset to registers driving this RAMB pin or else use a synchronous reset in which the assertion of the reset is timed by default.
Related violations: <none>

REQP-1839#3 Warning
RAMB36 async control check  
The RAMB36E1 i_system_wrapper/system_i/axi_ad9361_dac_fifo/inst/i_mem/m_ram_reg has an input control pin i_system_wrapper/system_i/axi_ad9361_dac_fifo/inst/i_mem/m_ram_reg/ADDRBWRADDR[6] (net: i_system_wrapper/system_i/axi_ad9361_dac_fifo/inst/i_mem/m_ram_reg_0[0]) which is driven by a register (i_system_wrapper/system_i/axi_ad9361_dac_fifo/inst/din_waddr_reg[0]) that has an active asychronous set or reset. This may cause corruption of the memory contents and/or read values when the set/reset is asserted and is not analyzed by the default static timing analysis. It is suggested to eliminate the use of a set/reset to registers driving this RAMB pin or else use a synchronous reset in which the assertion of the reset is timed by default.
Related violations: <none>

REQP-1839#4 Warning
RAMB36 async control check  
The RAMB36E1 i_system_wrapper/system_i/axi_ad9361_dac_fifo/inst/i_mem/m_ram_reg has an input control pin i_system_wrapper/system_i/axi_ad9361_dac_fifo/inst/i_mem/m_ram_reg/ADDRBWRADDR[7] (net: i_system_wrapper/system_i/axi_ad9361_dac_fifo/inst/i_mem/m_ram_reg_0[1]) which is driven by a register (i_system_wrapper/system_i/axi_ad9361_dac_fifo/inst/din_waddr_reg[1]) that has an active asychronous set or reset. This may cause corruption of the memory contents and/or read values when the set/reset is asserted and is not analyzed by the default static timing analysis. It is suggested to eliminate the use of a set/reset to registers driving this RAMB pin or else use a synchronous reset in which the assertion of the reset is timed by default.
Related violations: <none>

REQP-1839#5 Warning
RAMB36 async control check  
The RAMB36E1 i_system_wrapper/system_i/axi_ad9361_dac_fifo/inst/i_mem/m_ram_reg has an input control pin i_system_wrapper/system_i/axi_ad9361_dac_fifo/inst/i_mem/m_ram_reg/ADDRBWRADDR[8] (net: i_system_wrapper/system_i/axi_ad9361_dac_fifo/inst/i_mem/m_ram_reg_0[2]) which is driven by a register (i_system_wrapper/system_i/axi_ad9361_dac_fifo/inst/din_waddr_reg[2]) that has an active asychronous set or reset. This may cause corruption of the memory contents and/or read values when the set/reset is asserted and is not analyzed by the default static timing analysis. It is suggested to eliminate the use of a set/reset to registers driving this RAMB pin or else use a synchronous reset in which the assertion of the reset is timed by default.
Related violations: <none>

REQP-1839#6 Warning
RAMB36 async control check  
The RAMB36E1 i_system_wrapper/system_i/axi_ad9361_dac_fifo/inst/i_mem/m_ram_reg has an input control pin i_system_wrapper/system_i/axi_ad9361_dac_fifo/inst/i_mem/m_ram_reg/ADDRBWRADDR[9] (net: i_system_wrapper/system_i/axi_ad9361_dac_fifo/inst/i_mem/m_ram_reg_0[3]) which is driven by a register (i_system_wrapper/system_i/axi_ad9361_dac_fifo/inst/din_waddr_reg[3]) that has an active asychronous set or reset. This may cause corruption of the memory contents and/or read values when the set/reset is asserted and is not analyzed by the default static timing analysis. It is suggested to eliminate the use of a set/reset to registers driving this RAMB pin or else use a synchronous reset in which the assertion of the reset is timed by default.
Related violations: <none>

REQP-1839#7 Warning
RAMB36 async control check  
The RAMB36E1 i_system_wrapper/system_i/axi_ad9361_dac_fifo/inst/i_mem/m_ram_reg has an input control pin i_system_wrapper/system_i/axi_ad9361_dac_fifo/inst/i_mem/m_ram_reg/ENARDEN (net: i_system_wrapper/system_i/axi_ad9361_dac_fifo/inst/i_mem/m_ram_reg_ENARDEN_cooolgate_en_sig_59) which is driven by a register (i_system_wrapper/system_i/axi_ad9361/inst/i_rx/i_up_adc_common/i_core_rst_reg/rst_sync_reg) that has an active asychronous set or reset. This may cause corruption of the memory contents and/or read values when the set/reset is asserted and is not analyzed by the default static timing analysis. It is suggested to eliminate the use of a set/reset to registers driving this RAMB pin or else use a synchronous reset in which the assertion of the reset is timed by default.
Related violations: <none>

REQP-1839#8 Warning
RAMB36 async control check  
The RAMB36E1 i_system_wrapper/system_i/axi_ad9361_dac_fifo/inst/i_mem/m_ram_reg has an input control pin i_system_wrapper/system_i/axi_ad9361_dac_fifo/inst/i_mem/m_ram_reg/ENARDEN (net: i_system_wrapper/system_i/axi_ad9361_dac_fifo/inst/i_mem/m_ram_reg_ENARDEN_cooolgate_en_sig_59) which is driven by a register (i_system_wrapper/system_i/axi_ad9361/inst/i_tdd/i_up_tdd_cntrl/i_xfer_tdd_control/d_data_cntrl_int_reg[14]) that has an active asychronous set or reset. This may cause corruption of the memory contents and/or read values when the set/reset is asserted and is not analyzed by the default static timing analysis. It is suggested to eliminate the use of a set/reset to registers driving this RAMB pin or else use a synchronous reset in which the assertion of the reset is timed by default.
Related violations: <none>

REQP-1839#9 Warning
RAMB36 async control check  
The RAMB36E1 i_system_wrapper/system_i/axi_ad9361_dac_fifo/inst/i_mem/m_ram_reg has an input control pin i_system_wrapper/system_i/axi_ad9361_dac_fifo/inst/i_mem/m_ram_reg/ENARDEN (net: i_system_wrapper/system_i/axi_ad9361_dac_fifo/inst/i_mem/m_ram_reg_ENARDEN_cooolgate_en_sig_59) which is driven by a register (i_system_wrapper/system_i/axi_ad9361/inst/i_tdd/i_up_tdd_cntrl/i_xfer_tdd_control/d_data_cntrl_int_reg[9]) that has an active asychronous set or reset. This may cause corruption of the memory contents and/or read values when the set/reset is asserted and is not analyzed by the default static timing analysis. It is suggested to eliminate the use of a set/reset to registers driving this RAMB pin or else use a synchronous reset in which the assertion of the reset is timed by default.
Related violations: <none>

REQP-1839#10 Warning
RAMB36 async control check  
The RAMB36E1 i_system_wrapper/system_i/axi_ad9361_dac_fifo/inst/i_mem/m_ram_reg has an input control pin i_system_wrapper/system_i/axi_ad9361_dac_fifo/inst/i_mem/m_ram_reg/ENARDEN (net: i_system_wrapper/system_i/axi_ad9361_dac_fifo/inst/i_mem/m_ram_reg_ENARDEN_cooolgate_en_sig_59) which is driven by a register (i_system_wrapper/system_i/axi_ad9361/inst/i_tx/i_up_dac_common/i_xfer_cntrl/d_data_cntrl_int_reg[17]) that has an active asychronous set or reset. This may cause corruption of the memory contents and/or read values when the set/reset is asserted and is not analyzed by the default static timing analysis. It is suggested to eliminate the use of a set/reset to registers driving this RAMB pin or else use a synchronous reset in which the assertion of the reset is timed by default.
Related violations: <none>

REQP-1839#11 Warning
RAMB36 async control check  
The RAMB36E1 i_system_wrapper/system_i/axi_ad9361_dac_fifo/inst/i_mem/m_ram_reg has an input control pin i_system_wrapper/system_i/axi_ad9361_dac_fifo/inst/i_mem/m_ram_reg/ENBWREN (net: i_system_wrapper/system_i/axi_ad9361_dac_fifo/inst/i_mem/WEBWE[0]) which is driven by a register (i_system_wrapper/system_i/axi_ad9361_dac_fifo/inst/din_wr_reg) that has an active asychronous set or reset. This may cause corruption of the memory contents and/or read values when the set/reset is asserted and is not analyzed by the default static timing analysis. It is suggested to eliminate the use of a set/reset to registers driving this RAMB pin or else use a synchronous reset in which the assertion of the reset is timed by default.
Related violations: <none>

REQP-1839#12 Warning
RAMB36 async control check  
The RAMB36E1 i_system_wrapper/system_i/axi_ad9361_dac_fifo/inst/i_mem/m_ram_reg has an input control pin i_system_wrapper/system_i/axi_ad9361_dac_fifo/inst/i_mem/m_ram_reg/WEBWE[0] (net: i_system_wrapper/system_i/axi_ad9361_dac_fifo/inst/i_mem/WEBWE[0]) which is driven by a register (i_system_wrapper/system_i/axi_ad9361_dac_fifo/inst/din_wr_reg) that has an active asychronous set or reset. This may cause corruption of the memory contents and/or read values when the set/reset is asserted and is not analyzed by the default static timing analysis. It is suggested to eliminate the use of a set/reset to registers driving this RAMB pin or else use a synchronous reset in which the assertion of the reset is timed by default.
Related violations: <none>

REQP-1839#13 Warning
RAMB36 async control check  
The RAMB36E1 i_system_wrapper/system_i/axi_ad9361_dac_fifo/inst/i_mem/m_ram_reg has an input control pin i_system_wrapper/system_i/axi_ad9361_dac_fifo/inst/i_mem/m_ram_reg/WEBWE[1] (net: i_system_wrapper/system_i/axi_ad9361_dac_fifo/inst/i_mem/WEBWE[0]) which is driven by a register (i_system_wrapper/system_i/axi_ad9361_dac_fifo/inst/din_wr_reg) that has an active asychronous set or reset. This may cause corruption of the memory contents and/or read values when the set/reset is asserted and is not analyzed by the default static timing analysis. It is suggested to eliminate the use of a set/reset to registers driving this RAMB pin or else use a synchronous reset in which the assertion of the reset is timed by default.
Related violations: <none>

REQP-1839#14 Warning
RAMB36 async control check  
The RAMB36E1 i_system_wrapper/system_i/axi_ad9361_dac_fifo/inst/i_mem/m_ram_reg has an input control pin i_system_wrapper/system_i/axi_ad9361_dac_fifo/inst/i_mem/m_ram_reg/WEBWE[2] (net: i_system_wrapper/system_i/axi_ad9361_dac_fifo/inst/i_mem/WEBWE[0]) which is driven by a register (i_system_wrapper/system_i/axi_ad9361_dac_fifo/inst/din_wr_reg) that has an active asychronous set or reset. This may cause corruption of the memory contents and/or read values when the set/reset is asserted and is not analyzed by the default static timing analysis. It is suggested to eliminate the use of a set/reset to registers driving this RAMB pin or else use a synchronous reset in which the assertion of the reset is timed by default.
Related violations: <none>

REQP-1839#15 Warning
RAMB36 async control check  
The RAMB36E1 i_system_wrapper/system_i/axi_ad9361_dac_fifo/inst/i_mem/m_ram_reg has an input control pin i_system_wrapper/system_i/axi_ad9361_dac_fifo/inst/i_mem/m_ram_reg/WEBWE[3] (net: i_system_wrapper/system_i/axi_ad9361_dac_fifo/inst/i_mem/WEBWE[0]) which is driven by a register (i_system_wrapper/system_i/axi_ad9361_dac_fifo/inst/din_wr_reg) that has an active asychronous set or reset. This may cause corruption of the memory contents and/or read values when the set/reset is asserted and is not analyzed by the default static timing analysis. It is suggested to eliminate the use of a set/reset to registers driving this RAMB pin or else use a synchronous reset in which the assertion of the reset is timed by default.
Related violations: <none>

REQP-1839#16 Warning
RAMB36 async control check  
The RAMB36E1 i_system_wrapper/system_i/axi_ad9361_dac_fifo/inst/i_mem/m_ram_reg has an input control pin i_system_wrapper/system_i/axi_ad9361_dac_fifo/inst/i_mem/m_ram_reg/WEBWE[4] (net: i_system_wrapper/system_i/axi_ad9361_dac_fifo/inst/i_mem/WEBWE[0]) which is driven by a register (i_system_wrapper/system_i/axi_ad9361_dac_fifo/inst/din_wr_reg) that has an active asychronous set or reset. This may cause corruption of the memory contents and/or read values when the set/reset is asserted and is not analyzed by the default static timing analysis. It is suggested to eliminate the use of a set/reset to registers driving this RAMB pin or else use a synchronous reset in which the assertion of the reset is timed by default.
Related violations: <none>

REQP-1839#17 Warning
RAMB36 async control check  
The RAMB36E1 i_system_wrapper/system_i/axi_ad9361_dac_fifo/inst/i_mem/m_ram_reg has an input control pin i_system_wrapper/system_i/axi_ad9361_dac_fifo/inst/i_mem/m_ram_reg/WEBWE[5] (net: i_system_wrapper/system_i/axi_ad9361_dac_fifo/inst/i_mem/WEBWE[0]) which is driven by a register (i_system_wrapper/system_i/axi_ad9361_dac_fifo/inst/din_wr_reg) that has an active asychronous set or reset. This may cause corruption of the memory contents and/or read values when the set/reset is asserted and is not analyzed by the default static timing analysis. It is suggested to eliminate the use of a set/reset to registers driving this RAMB pin or else use a synchronous reset in which the assertion of the reset is timed by default.
Related violations: <none>

REQP-1839#18 Warning
RAMB36 async control check  
The RAMB36E1 i_system_wrapper/system_i/axi_ad9361_dac_fifo/inst/i_mem/m_ram_reg has an input control pin i_system_wrapper/system_i/axi_ad9361_dac_fifo/inst/i_mem/m_ram_reg/WEBWE[6] (net: i_system_wrapper/system_i/axi_ad9361_dac_fifo/inst/i_mem/WEBWE[0]) which is driven by a register (i_system_wrapper/system_i/axi_ad9361_dac_fifo/inst/din_wr_reg) that has an active asychronous set or reset. This may cause corruption of the memory contents and/or read values when the set/reset is asserted and is not analyzed by the default static timing analysis. It is suggested to eliminate the use of a set/reset to registers driving this RAMB pin or else use a synchronous reset in which the assertion of the reset is timed by default.
Related violations: <none>

REQP-1839#19 Warning
RAMB36 async control check  
The RAMB36E1 i_system_wrapper/system_i/axi_ad9361_dac_fifo/inst/i_mem/m_ram_reg has an input control pin i_system_wrapper/system_i/axi_ad9361_dac_fifo/inst/i_mem/m_ram_reg/WEBWE[7] (net: i_system_wrapper/system_i/axi_ad9361_dac_fifo/inst/i_mem/WEBWE[0]) which is driven by a register (i_system_wrapper/system_i/axi_ad9361_dac_fifo/inst/din_wr_reg) that has an active asychronous set or reset. This may cause corruption of the memory contents and/or read values when the set/reset is asserted and is not analyzed by the default static timing analysis. It is suggested to eliminate the use of a set/reset to registers driving this RAMB pin or else use a synchronous reset in which the assertion of the reset is timed by default.
Related violations: <none>

REQP-1839#20 Warning
RAMB36 async control check  
The RAMB36E1 i_system_wrapper/system_i/util_ad9361_adc_fifo/inst/i_mem/m_ram_reg has an input control pin i_system_wrapper/system_i/util_ad9361_adc_fifo/inst/i_mem/m_ram_reg/ADDRARDADDR[9] (net: i_system_wrapper/system_i/util_ad9361_adc_fifo/inst/i_mem/Q[3]) which is driven by a register (i_system_wrapper/system_i/util_ad9361_adc_fifo/inst/dout_raddr_reg[3]) that has an active asychronous set or reset. This may cause corruption of the memory contents and/or read values when the set/reset is asserted and is not analyzed by the default static timing analysis. It is suggested to eliminate the use of a set/reset to registers driving this RAMB pin or else use a synchronous reset in which the assertion of the reset is timed by default.
Related violations: <none>

REQP-1840#1 Warning
RAMB18 async control check  
The RAMB18E1 i_system_wrapper/system_i/openwifi_ip/tx_intf_0/inst/dac_intf_i/fifo32_2clk_dep32_i/fifo_generator_0/U0/inst_fifo_gen/gconvfifo.rf/grf.rf/gntv_or_sync_fifo.mem/gbm.gbmg.gbmga.ngecc.bmg/inst_blk_mem_gen/gnbram.gnativebmg.native_blk_mem_gen/valid.cstr/ramloop[0].ram.r/prim_noinit.ram/DEVICE_7SERIES.NO_BMM_INFO.SDP.WIDE_PRIM18.ram has an input control pin i_system_wrapper/system_i/openwifi_ip/tx_intf_0/inst/dac_intf_i/fifo32_2clk_dep32_i/fifo_generator_0/U0/inst_fifo_gen/gconvfifo.rf/grf.rf/gntv_or_sync_fifo.mem/gbm.gbmg.gbmga.ngecc.bmg/inst_blk_mem_gen/gnbram.gnativebmg.native_blk_mem_gen/valid.cstr/ramloop[0].ram.r/prim_noinit.ram/DEVICE_7SERIES.NO_BMM_INFO.SDP.WIDE_PRIM18.ram/ENARDEN (net: i_system_wrapper/system_i/openwifi_ip/tx_intf_0/inst/dac_intf_i/fifo32_2clk_dep32_i/fifo_generator_0/U0/inst_fifo_gen/gconvfifo.rf/grf.rf/gntv_or_sync_fifo.mem/gbm.gbmg.gbmga.ngecc.bmg/inst_blk_mem_gen/gnbram.gnativebmg.native_blk_mem_gen/valid.cstr/ramloop[0].ram.r/prim_noinit.ram/DEVICE_7SERIES.NO_BMM_INFO.SDP.WIDE_PRIM18.ram_ENARDEN_cooolgate_en_sig_62) which is driven by a register (i_system_wrapper/system_i/axi_ad9361_dac_fifo/inst/din_valid_reg) that has an active asychronous set or reset. This may cause corruption of the memory contents and/or read values when the set/reset is asserted and is not analyzed by the default static timing analysis. It is suggested to eliminate the use of a set/reset to registers driving this RAMB pin or else use a synchronous reset in which the assertion of the reset is timed by default.
Related violations: <none>

RTSTAT-10#1 Warning
No routable loads  
118 net(s) have no routable loads. The problem bus(es) and/or net(s) are i_system_wrapper/system_i/openwifi_ip/rx_intf_0/inst/adc_intf_i/fifo32_2clk_dep32_i/fifo_generator_0/U0/inst_fifo_gen/gconvfifo.rf/grf.rf/gntv_or_sync_fifo.gl0.rd/gr1.gr1_int.rfwft/aempty_fwft_i, i_system_wrapper/system_i/openwifi_ip/rx_intf_0/inst/adc_intf_i_2/fifo32_2clk_dep32_i/fifo_generator_0/U0/inst_fifo_gen/gconvfifo.rf/grf.rf/gntv_or_sync_fifo.gl0.rd/gr1.gr1_int.rfwft/aempty_fwft_i, i_system_wrapper/system_i/openwifi_ip/axi_interconnect_0/m00_couplers/auto_pc/inst/gen_axi4_axi3.axi3_conv_inst/USE_WRITE.write_addr_inst/USE_B_CHANNEL.cmd_b_queue/inst/fifo_gen_inst/inst_fifo_gen/gconvfifo.rf/grf.rf/gntv_or_sync_fifo.gl0.rd/gr1.gr1_int.rfwft/aempty_fwft_i, i_system_wrapper/system_i/openwifi_ip/tx_intf_0/inst/tx_intf_s_axis_i/fifo64_1clk_i1/fifo_generator_0/U0/inst_fifo_gen/gconvfifo.rf/grf.rf/gntv_or_sync_fifo.gl0.rd/gr1.gr1_int.rfwft/aempty_fwft_i, i_system_wrapper/system_i/openwifi_ip/axi_interconnect_0/m00_couplers/auto_pc/inst/gen_axi4_axi3.axi3_conv_inst/USE_READ.USE_SPLIT_R.read_addr_inst/USE_R_CHANNEL.cmd_queue/inst/fifo_gen_inst/inst_fifo_gen/gconvfifo.rf/grf.rf/gntv_or_sync_fifo.gl0.rd/gr1.gr1_int.rfwft/aempty_fwft_i, i_system_wrapper/system_i/openwifi_ip/tx_intf_0/inst/tx_bit_intf_i/fifo64_1clk_dep64_i1/fifo_generator_0/U0/inst_fifo_gen/gconvfifo.rf/grf.rf/gntv_or_sync_fifo.gl0.rd/gr1.gr1_int.rfwft/aempty_fwft_i, i_system_wrapper/system_i/openwifi_ip/axi_interconnect_2/m00_couplers/auto_pc/inst/gen_axi4_axi3.axi3_conv_inst/USE_READ.USE_SPLIT_R.read_addr_inst/USE_R_CHANNEL.cmd_queue/inst/fifo_gen_inst/inst_fifo_gen/gconvfifo.rf/grf.rf/gntv_or_sync_fifo.gl0.rd/gr1.gr1_int.rfwft/aempty_fwft_i, i_system_wrapper/system_i/openwifi_ip/tx_intf_0/inst/dac_intf_i/fifo32_2clk_dep32_i/fifo_generator_0/U0/inst_fifo_gen/gconvfifo.rf/grf.rf/gntv_or_sync_fifo.gl0.rd/gr1.gr1_int.rfwft/aempty_fwft_i, i_system_wrapper/system_i/openwifi_ip/axi_interconnect_0/m00_couplers/auto_pc/inst/gen_axi4_axi3.axi3_conv_inst/USE_WRITE.write_addr_inst/USE_BURSTS.cmd_queue/inst/fifo_gen_inst/inst_fifo_gen/gconvfifo.rf/grf.rf/gntv_or_sync_fifo.gl0.rd/gr1.gr1_int.rfwft/aempty_fwft_i, i_system_wrapper/system_i/openwifi_ip/tx_intf_0/inst/tx_iq_intf_i/fifo32_1clk_dep512_i/fifo_generator_0/U0/inst_fifo_gen/gconvfifo.rf/grf.rf/gntv_or_sync_fifo.gl0.rd/gr1.gr1_int.rfwft/aempty_fwft_i, i_system_wrapper/system_i/openwifi_ip/tx_intf_0/inst/tx_bit_intf_i/fifo64_1clk_dep64_i0/fifo_generator_0/U0/inst_fifo_gen/gconvfifo.rf/grf.rf/gntv_or_sync_fifo.gl0.rd/gr1.gr1_int.rfwft/aempty_fwft_i, i_system_wrapper/system_i/openwifi_ip/tx_intf_0/inst/tx_intf_s_axis_i/fifo64_1clk_i0/fifo_generator_0/U0/inst_fifo_gen/gconvfifo.rf/grf.rf/gntv_or_sync_fifo.gl0.rd/gr1.gr1_int.rfwft/aempty_fwft_i, i_system_wrapper/system_i/openwifi_ip/tx_intf_0/inst/tx_intf_m_axis_i/fifo64_1clk_dep512_i/fifo_generator_0/U0/inst_fifo_gen/gconvfifo.rf/grf.rf/gntv_or_sync_fifo.gl0.rd/gr1.gr1_int.rfwft/aempty_fwft_i, i_system_wrapper/system_i/openwifi_ip/rx_intf_0/inst/rx_intf_m_axis_i/fifo64_1clk_i/fifo_generator_0/U0/inst_fifo_gen/gconvfifo.rf/grf.rf/gntv_or_sync_fifo.gl0.rd/gr1.gr1_int.rfwft/aempty_fwft_i, i_system_wrapper/system_i/openwifi_ip/rx_intf_0/inst/rx_iq_intf_i/fifo32_1clk_dep32_i/fifo_generator_0/U0/inst_fifo_gen/gconvfifo.rf/grf.rf/gntv_or_sync_fifo.gl0.rd/gr1.gr1_int.rfwft/aempty_fwft_i (the first 15 of 116 listed).
Related violations: <none>

AVAL-4#1 Advisory
enum_USE_DPORT_FALSE_enum_DREG_ADREG_0_connects_CED_CEAD_RSTD_GND  
i_system_wrapper/system_i/axi_ad9361/inst/i_rx/i_rx_channel_0/i_ad_iqcor/i_mul_i/i_mult_macro/MULT_MACRO.dsp_v5_1.DSP48_V5_1: DSP48E1 is not using the D port (USE_DPORT = FALSE). For improved power characteristics, set DREG and ADREG to '1', tie CED, CEAD, and RSTD to logic '0'.
Related violations: <none>

AVAL-4#2 Advisory
enum_USE_DPORT_FALSE_enum_DREG_ADREG_0_connects_CED_CEAD_RSTD_GND  
i_system_wrapper/system_i/axi_ad9361/inst/i_rx/i_rx_channel_0/i_ad_iqcor/i_mul_q/i_mult_macro/MULT_MACRO.dsp_v5_1.DSP48_V5_1: DSP48E1 is not using the D port (USE_DPORT = FALSE). For improved power characteristics, set DREG and ADREG to '1', tie CED, CEAD, and RSTD to logic '0'.
Related violations: <none>

AVAL-4#3 Advisory
enum_USE_DPORT_FALSE_enum_DREG_ADREG_0_connects_CED_CEAD_RSTD_GND  
i_system_wrapper/system_i/axi_ad9361/inst/i_rx/i_rx_channel_1/i_ad_iqcor/i_mul_i/i_mult_macro/MULT_MACRO.dsp_v5_1.DSP48_V5_1: DSP48E1 is not using the D port (USE_DPORT = FALSE). For improved power characteristics, set DREG and ADREG to '1', tie CED, CEAD, and RSTD to logic '0'.
Related violations: <none>

AVAL-4#4 Advisory
enum_USE_DPORT_FALSE_enum_DREG_ADREG_0_connects_CED_CEAD_RSTD_GND  
i_system_wrapper/system_i/axi_ad9361/inst/i_rx/i_rx_channel_1/i_ad_iqcor/i_mul_q/i_mult_macro/MULT_MACRO.dsp_v5_1.DSP48_V5_1: DSP48E1 is not using the D port (USE_DPORT = FALSE). For improved power characteristics, set DREG and ADREG to '1', tie CED, CEAD, and RSTD to logic '0'.
Related violations: <none>

AVAL-4#5 Advisory
enum_USE_DPORT_FALSE_enum_DREG_ADREG_0_connects_CED_CEAD_RSTD_GND  
i_system_wrapper/system_i/axi_ad9361/inst/i_rx/i_rx_channel_2/i_ad_iqcor/i_mul_i/i_mult_macro/MULT_MACRO.dsp_v5_1.DSP48_V5_1: DSP48E1 is not using the D port (USE_DPORT = FALSE). For improved power characteristics, set DREG and ADREG to '1', tie CED, CEAD, and RSTD to logic '0'.
Related violations: <none>

AVAL-4#6 Advisory
enum_USE_DPORT_FALSE_enum_DREG_ADREG_0_connects_CED_CEAD_RSTD_GND  
i_system_wrapper/system_i/axi_ad9361/inst/i_rx/i_rx_channel_2/i_ad_iqcor/i_mul_q/i_mult_macro/MULT_MACRO.dsp_v5_1.DSP48_V5_1: DSP48E1 is not using the D port (USE_DPORT = FALSE). For improved power characteristics, set DREG and ADREG to '1', tie CED, CEAD, and RSTD to logic '0'.
Related violations: <none>

AVAL-4#7 Advisory
enum_USE_DPORT_FALSE_enum_DREG_ADREG_0_connects_CED_CEAD_RSTD_GND  
i_system_wrapper/system_i/axi_ad9361/inst/i_rx/i_rx_channel_3/i_ad_iqcor/i_mul_i/i_mult_macro/MULT_MACRO.dsp_v5_1.DSP48_V5_1: DSP48E1 is not using the D port (USE_DPORT = FALSE). For improved power characteristics, set DREG and ADREG to '1', tie CED, CEAD, and RSTD to logic '0'.
Related violations: <none>

AVAL-4#8 Advisory
enum_USE_DPORT_FALSE_enum_DREG_ADREG_0_connects_CED_CEAD_RSTD_GND  
i_system_wrapper/system_i/axi_ad9361/inst/i_rx/i_rx_channel_3/i_ad_iqcor/i_mul_q/i_mult_macro/MULT_MACRO.dsp_v5_1.DSP48_V5_1: DSP48E1 is not using the D port (USE_DPORT = FALSE). For improved power characteristics, set DREG and ADREG to '1', tie CED, CEAD, and RSTD to logic '0'.
Related violations: <none>

AVAL-4#9 Advisory
enum_USE_DPORT_FALSE_enum_DREG_ADREG_0_connects_CED_CEAD_RSTD_GND  
i_system_wrapper/system_i/axi_ad9361/inst/i_tx/i_tx_channel_0/i_ad_iqcor/i_mul_i/i_mult_macro/MULT_MACRO.dsp_v5_1.DSP48_V5_1: DSP48E1 is not using the D port (USE_DPORT = FALSE). For improved power characteristics, set DREG and ADREG to '1', tie CED, CEAD, and RSTD to logic '0'.
Related violations: <none>

AVAL-4#10 Advisory
enum_USE_DPORT_FALSE_enum_DREG_ADREG_0_connects_CED_CEAD_RSTD_GND  
i_system_wrapper/system_i/axi_ad9361/inst/i_tx/i_tx_channel_0/i_ad_iqcor/i_mul_q/i_mult_macro/MULT_MACRO.dsp_v5_1.DSP48_V5_1: DSP48E1 is not using the D port (USE_DPORT = FALSE). For improved power characteristics, set DREG and ADREG to '1', tie CED, CEAD, and RSTD to logic '0'.
Related violations: <none>

AVAL-4#11 Advisory
enum_USE_DPORT_FALSE_enum_DREG_ADREG_0_connects_CED_CEAD_RSTD_GND  
i_system_wrapper/system_i/axi_ad9361/inst/i_tx/i_tx_channel_0/i_dds/dds_phase[1].i_dds_2/i_dds_1_0/i_dds_scale/i_mult_macro/MULT_MACRO.dsp_v5_1.DSP48_V5_1: DSP48E1 is not using the D port (USE_DPORT = FALSE). For improved power characteristics, set DREG and ADREG to '1', tie CED, CEAD, and RSTD to logic '0'.
Related violations: <none>

AVAL-4#12 Advisory
enum_USE_DPORT_FALSE_enum_DREG_ADREG_0_connects_CED_CEAD_RSTD_GND  
i_system_wrapper/system_i/axi_ad9361/inst/i_tx/i_tx_channel_0/i_dds/dds_phase[1].i_dds_2/i_dds_1_1/i_dds_scale/i_mult_macro/MULT_MACRO.dsp_v5_1.DSP48_V5_1: DSP48E1 is not using the D port (USE_DPORT = FALSE). For improved power characteristics, set DREG and ADREG to '1', tie CED, CEAD, and RSTD to logic '0'.
Related violations: <none>

AVAL-4#13 Advisory
enum_USE_DPORT_FALSE_enum_DREG_ADREG_0_connects_CED_CEAD_RSTD_GND  
i_system_wrapper/system_i/axi_ad9361/inst/i_tx/i_tx_channel_1/i_ad_iqcor/i_mul_i/i_mult_macro/MULT_MACRO.dsp_v5_1.DSP48_V5_1: DSP48E1 is not using the D port (USE_DPORT = FALSE). For improved power characteristics, set DREG and ADREG to '1', tie CED, CEAD, and RSTD to logic '0'.
Related violations: <none>

AVAL-4#14 Advisory
enum_USE_DPORT_FALSE_enum_DREG_ADREG_0_connects_CED_CEAD_RSTD_GND  
i_system_wrapper/system_i/axi_ad9361/inst/i_tx/i_tx_channel_1/i_ad_iqcor/i_mul_q/i_mult_macro/MULT_MACRO.dsp_v5_1.DSP48_V5_1: DSP48E1 is not using the D port (USE_DPORT = FALSE). For improved power characteristics, set DREG and ADREG to '1', tie CED, CEAD, and RSTD to logic '0'.
Related violations: <none>

AVAL-4#15 Advisory
enum_USE_DPORT_FALSE_enum_DREG_ADREG_0_connects_CED_CEAD_RSTD_GND  
i_system_wrapper/system_i/axi_ad9361/inst/i_tx/i_tx_channel_1/i_dds/dds_phase[1].i_dds_2/i_dds_1_0/i_dds_scale/i_mult_macro/MULT_MACRO.dsp_v5_1.DSP48_V5_1: DSP48E1 is not using the D port (USE_DPORT = FALSE). For improved power characteristics, set DREG and ADREG to '1', tie CED, CEAD, and RSTD to logic '0'.
Related violations: <none>

AVAL-4#16 Advisory
enum_USE_DPORT_FALSE_enum_DREG_ADREG_0_connects_CED_CEAD_RSTD_GND  
i_system_wrapper/system_i/axi_ad9361/inst/i_tx/i_tx_channel_1/i_dds/dds_phase[1].i_dds_2/i_dds_1_1/i_dds_scale/i_mult_macro/MULT_MACRO.dsp_v5_1.DSP48_V5_1: DSP48E1 is not using the D port (USE_DPORT = FALSE). For improved power characteristics, set DREG and ADREG to '1', tie CED, CEAD, and RSTD to logic '0'.
Related violations: <none>

AVAL-4#17 Advisory
enum_USE_DPORT_FALSE_enum_DREG_ADREG_0_connects_CED_CEAD_RSTD_GND  
i_system_wrapper/system_i/axi_ad9361/inst/i_tx/i_tx_channel_2/i_ad_iqcor/i_mul_i/i_mult_macro/MULT_MACRO.dsp_v5_1.DSP48_V5_1: DSP48E1 is not using the D port (USE_DPORT = FALSE). For improved power characteristics, set DREG and ADREG to '1', tie CED, CEAD, and RSTD to logic '0'.
Related violations: <none>

AVAL-4#18 Advisory
enum_USE_DPORT_FALSE_enum_DREG_ADREG_0_connects_CED_CEAD_RSTD_GND  
i_system_wrapper/system_i/axi_ad9361/inst/i_tx/i_tx_channel_2/i_ad_iqcor/i_mul_q/i_mult_macro/MULT_MACRO.dsp_v5_1.DSP48_V5_1: DSP48E1 is not using the D port (USE_DPORT = FALSE). For improved power characteristics, set DREG and ADREG to '1', tie CED, CEAD, and RSTD to logic '0'.
Related violations: <none>

AVAL-4#19 Advisory
enum_USE_DPORT_FALSE_enum_DREG_ADREG_0_connects_CED_CEAD_RSTD_GND  
i_system_wrapper/system_i/axi_ad9361/inst/i_tx/i_tx_channel_2/i_dds/dds_phase[1].i_dds_2/i_dds_1_0/i_dds_scale/i_mult_macro/MULT_MACRO.dsp_v5_1.DSP48_V5_1: DSP48E1 is not using the D port (USE_DPORT = FALSE). For improved power characteristics, set DREG and ADREG to '1', tie CED, CEAD, and RSTD to logic '0'.
Related violations: <none>

AVAL-4#20 Advisory
enum_USE_DPORT_FALSE_enum_DREG_ADREG_0_connects_CED_CEAD_RSTD_GND  
i_system_wrapper/system_i/axi_ad9361/inst/i_tx/i_tx_channel_2/i_dds/dds_phase[1].i_dds_2/i_dds_1_1/i_dds_scale/i_mult_macro/MULT_MACRO.dsp_v5_1.DSP48_V5_1: DSP48E1 is not using the D port (USE_DPORT = FALSE). For improved power characteristics, set DREG and ADREG to '1', tie CED, CEAD, and RSTD to logic '0'.
Related violations: <none>

AVAL-4#21 Advisory
enum_USE_DPORT_FALSE_enum_DREG_ADREG_0_connects_CED_CEAD_RSTD_GND  
i_system_wrapper/system_i/axi_ad9361/inst/i_tx/i_tx_channel_3/i_ad_iqcor/i_mul_i/i_mult_macro/MULT_MACRO.dsp_v5_1.DSP48_V5_1: DSP48E1 is not using the D port (USE_DPORT = FALSE). For improved power characteristics, set DREG and ADREG to '1', tie CED, CEAD, and RSTD to logic '0'.
Related violations: <none>

AVAL-4#22 Advisory
enum_USE_DPORT_FALSE_enum_DREG_ADREG_0_connects_CED_CEAD_RSTD_GND  
i_system_wrapper/system_i/axi_ad9361/inst/i_tx/i_tx_channel_3/i_ad_iqcor/i_mul_q/i_mult_macro/MULT_MACRO.dsp_v5_1.DSP48_V5_1: DSP48E1 is not using the D port (USE_DPORT = FALSE). For improved power characteristics, set DREG and ADREG to '1', tie CED, CEAD, and RSTD to logic '0'.
Related violations: <none>

AVAL-4#23 Advisory
enum_USE_DPORT_FALSE_enum_DREG_ADREG_0_connects_CED_CEAD_RSTD_GND  
i_system_wrapper/system_i/axi_ad9361/inst/i_tx/i_tx_channel_3/i_dds/dds_phase[1].i_dds_2/i_dds_1_0/i_dds_scale/i_mult_macro/MULT_MACRO.dsp_v5_1.DSP48_V5_1: DSP48E1 is not using the D port (USE_DPORT = FALSE). For improved power characteristics, set DREG and ADREG to '1', tie CED, CEAD, and RSTD to logic '0'.
Related violations: <none>

AVAL-4#24 Advisory
enum_USE_DPORT_FALSE_enum_DREG_ADREG_0_connects_CED_CEAD_RSTD_GND  
i_system_wrapper/system_i/axi_ad9361/inst/i_tx/i_tx_channel_3/i_dds/dds_phase[1].i_dds_2/i_dds_1_1/i_dds_scale/i_mult_macro/MULT_MACRO.dsp_v5_1.DSP48_V5_1: DSP48E1 is not using the D port (USE_DPORT = FALSE). For improved power characteristics, set DREG and ADREG to '1', tie CED, CEAD, and RSTD to logic '0'.
Related violations: <none>

AVAL-4#25 Advisory
enum_USE_DPORT_FALSE_enum_DREG_ADREG_0_connects_CED_CEAD_RSTD_GND  
i_system_wrapper/system_i/openwifi_ip/openofdm_rx_0/inst/dot11_i/equalizer_inst/input_lts_prod_inst/mult_inst/U0/i_synth/i_synth/four_mult_structure.use_dsp.i_dsp/re_im/use_DSP48.qDSP[0].appDSP[0].bppDSP[0].u_l[0].use_dsp48e1.dsp: DSP48E1 is not using the D port (USE_DPORT = FALSE). For improved power characteristics, set DREG and ADREG to '1', tie CED, CEAD, and RSTD to logic '0'.
Related violations: <none>

AVAL-4#26 Advisory
enum_USE_DPORT_FALSE_enum_DREG_ADREG_0_connects_CED_CEAD_RSTD_GND  
i_system_wrapper/system_i/openwifi_ip/openofdm_rx_0/inst/dot11_i/equalizer_inst/input_lts_prod_inst/mult_inst/U0/i_synth/i_synth/four_mult_structure.use_dsp.i_dsp/re_im/use_DSP48.qDSP[0].appDSP[0].bppDSP[0].u_l[1].use_dsp48e1.dsp: DSP48E1 is not using the D port (USE_DPORT = FALSE). For improved power characteristics, set DREG and ADREG to '1', tie CED, CEAD, and RSTD to logic '0'.
Related violations: <none>

AVAL-4#27 Advisory
enum_USE_DPORT_FALSE_enum_DREG_ADREG_0_connects_CED_CEAD_RSTD_GND  
i_system_wrapper/system_i/openwifi_ip/openofdm_rx_0/inst/dot11_i/equalizer_inst/input_lts_prod_inst/mult_inst/U0/i_synth/i_synth/four_mult_structure.use_dsp.i_dsp/re_im/use_DSP48.qDSP[1].appDSP[0].bppDSP[0].u_l[0].use_dsp48e1.dsp: DSP48E1 is not using the D port (USE_DPORT = FALSE). For improved power characteristics, set DREG and ADREG to '1', tie CED, CEAD, and RSTD to logic '0'.
Related violations: <none>

AVAL-4#28 Advisory
enum_USE_DPORT_FALSE_enum_DREG_ADREG_0_connects_CED_CEAD_RSTD_GND  
i_system_wrapper/system_i/openwifi_ip/openofdm_rx_0/inst/dot11_i/equalizer_inst/input_lts_prod_inst/mult_inst/U0/i_synth/i_synth/four_mult_structure.use_dsp.i_dsp/re_im/use_DSP48.qDSP[1].appDSP[0].bppDSP[0].u_l[1].use_dsp48e1.dsp: DSP48E1 is not using the D port (USE_DPORT = FALSE). For improved power characteristics, set DREG and ADREG to '1', tie CED, CEAD, and RSTD to logic '0'.
Related violations: <none>

AVAL-4#29 Advisory
enum_USE_DPORT_FALSE_enum_DREG_ADREG_0_connects_CED_CEAD_RSTD_GND  
i_system_wrapper/system_i/openwifi_ip/openofdm_rx_0/inst/dot11_i/equalizer_inst/lts_lts_prod_inst/mult_inst/U0/i_synth/i_synth/four_mult_structure.use_dsp.i_dsp/re_im/use_DSP48.qDSP[0].appDSP[0].bppDSP[0].u_l[0].use_dsp48e1.dsp: DSP48E1 is not using the D port (USE_DPORT = FALSE). For improved power characteristics, set DREG and ADREG to '1', tie CED, CEAD, and RSTD to logic '0'.
Related violations: <none>

AVAL-4#30 Advisory
enum_USE_DPORT_FALSE_enum_DREG_ADREG_0_connects_CED_CEAD_RSTD_GND  
i_system_wrapper/system_i/openwifi_ip/openofdm_rx_0/inst/dot11_i/equalizer_inst/lts_lts_prod_inst/mult_inst/U0/i_synth/i_synth/four_mult_structure.use_dsp.i_dsp/re_im/use_DSP48.qDSP[0].appDSP[0].bppDSP[0].u_l[1].use_dsp48e1.dsp: DSP48E1 is not using the D port (USE_DPORT = FALSE). For improved power characteristics, set DREG and ADREG to '1', tie CED, CEAD, and RSTD to logic '0'.
Related violations: <none>

AVAL-4#31 Advisory
enum_USE_DPORT_FALSE_enum_DREG_ADREG_0_connects_CED_CEAD_RSTD_GND  
i_system_wrapper/system_i/openwifi_ip/openofdm_rx_0/inst/dot11_i/equalizer_inst/pilot_inst/mult_inst/U0/i_synth/i_synth/four_mult_structure.use_dsp.i_dsp/re_im/use_DSP48.qDSP[0].appDSP[0].bppDSP[0].u_l[0].use_dsp48e1.dsp: DSP48E1 is not using the D port (USE_DPORT = FALSE). For improved power characteristics, set DREG and ADREG to '1', tie CED, CEAD, and RSTD to logic '0'.
Related violations: <none>

AVAL-4#32 Advisory
enum_USE_DPORT_FALSE_enum_DREG_ADREG_0_connects_CED_CEAD_RSTD_GND  
i_system_wrapper/system_i/openwifi_ip/openofdm_rx_0/inst/dot11_i/equalizer_inst/pilot_inst/mult_inst/U0/i_synth/i_synth/four_mult_structure.use_dsp.i_dsp/re_im/use_DSP48.qDSP[0].appDSP[0].bppDSP[0].u_l[1].use_dsp48e1.dsp: DSP48E1 is not using the D port (USE_DPORT = FALSE). For improved power characteristics, set DREG and ADREG to '1', tie CED, CEAD, and RSTD to logic '0'.
Related violations: <none>

AVAL-4#33 Advisory
enum_USE_DPORT_FALSE_enum_DREG_ADREG_0_connects_CED_CEAD_RSTD_GND  
i_system_wrapper/system_i/openwifi_ip/openofdm_rx_0/inst/dot11_i/equalizer_inst/pilot_inst/mult_inst/U0/i_synth/i_synth/four_mult_structure.use_dsp.i_dsp/re_im/use_DSP48.qDSP[1].appDSP[0].bppDSP[0].u_l[0].use_dsp48e1.dsp: DSP48E1 is not using the D port (USE_DPORT = FALSE). For improved power characteristics, set DREG and ADREG to '1', tie CED, CEAD, and RSTD to logic '0'.
Related violations: <none>

AVAL-4#34 Advisory
enum_USE_DPORT_FALSE_enum_DREG_ADREG_0_connects_CED_CEAD_RSTD_GND  
i_system_wrapper/system_i/openwifi_ip/openofdm_rx_0/inst/dot11_i/equalizer_inst/pilot_inst/mult_inst/U0/i_synth/i_synth/four_mult_structure.use_dsp.i_dsp/re_im/use_DSP48.qDSP[1].appDSP[0].bppDSP[0].u_l[1].use_dsp48e1.dsp: DSP48E1 is not using the D port (USE_DPORT = FALSE). For improved power characteristics, set DREG and ADREG to '1', tie CED, CEAD, and RSTD to logic '0'.
Related violations: <none>

AVAL-4#35 Advisory
enum_USE_DPORT_FALSE_enum_DREG_ADREG_0_connects_CED_CEAD_RSTD_GND  
i_system_wrapper/system_i/openwifi_ip/openofdm_rx_0/inst/dot11_i/equalizer_inst/rotate_inst/mult_inst/mult_inst/U0/i_synth/i_synth/four_mult_structure.use_dsp.i_dsp/re_im/use_DSP48.qDSP[0].appDSP[0].bppDSP[0].u_l[0].use_dsp48e1.dsp: DSP48E1 is not using the D port (USE_DPORT = FALSE). For improved power characteristics, set DREG and ADREG to '1', tie CED, CEAD, and RSTD to logic '0'.
Related violations: <none>

AVAL-4#36 Advisory
enum_USE_DPORT_FALSE_enum_DREG_ADREG_0_connects_CED_CEAD_RSTD_GND  
i_system_wrapper/system_i/openwifi_ip/openofdm_rx_0/inst/dot11_i/equalizer_inst/rotate_inst/mult_inst/mult_inst/U0/i_synth/i_synth/four_mult_structure.use_dsp.i_dsp/re_im/use_DSP48.qDSP[0].appDSP[0].bppDSP[0].u_l[1].use_dsp48e1.dsp: DSP48E1 is not using the D port (USE_DPORT = FALSE). For improved power characteristics, set DREG and ADREG to '1', tie CED, CEAD, and RSTD to logic '0'.
Related violations: <none>

AVAL-4#37 Advisory
enum_USE_DPORT_FALSE_enum_DREG_ADREG_0_connects_CED_CEAD_RSTD_GND  
i_system_wrapper/system_i/openwifi_ip/openofdm_rx_0/inst/dot11_i/equalizer_inst/rotate_inst/mult_inst/mult_inst/U0/i_synth/i_synth/four_mult_structure.use_dsp.i_dsp/re_im/use_DSP48.qDSP[1].appDSP[0].bppDSP[0].u_l[0].use_dsp48e1.dsp: DSP48E1 is not using the D port (USE_DPORT = FALSE). For improved power characteristics, set DREG and ADREG to '1', tie CED, CEAD, and RSTD to logic '0'.
Related violations: <none>

AVAL-4#38 Advisory
enum_USE_DPORT_FALSE_enum_DREG_ADREG_0_connects_CED_CEAD_RSTD_GND  
i_system_wrapper/system_i/openwifi_ip/openofdm_rx_0/inst/dot11_i/equalizer_inst/rotate_inst/mult_inst/mult_inst/U0/i_synth/i_synth/four_mult_structure.use_dsp.i_dsp/re_im/use_DSP48.qDSP[1].appDSP[0].bppDSP[0].u_l[1].use_dsp48e1.dsp: DSP48E1 is not using the D port (USE_DPORT = FALSE). For improved power characteristics, set DREG and ADREG to '1', tie CED, CEAD, and RSTD to logic '0'.
Related violations: <none>

AVAL-4#39 Advisory
enum_USE_DPORT_FALSE_enum_DREG_ADREG_0_connects_CED_CEAD_RSTD_GND  
i_system_wrapper/system_i/openwifi_ip/openofdm_rx_0/inst/dot11_i/sync_long_inst/rotate_inst/mult_inst/mult_inst/U0/i_synth/i_synth/four_mult_structure.use_dsp.i_dsp/re_im/use_DSP48.qDSP[0].appDSP[0].bppDSP[0].u_l[0].use_dsp48e1.dsp: DSP48E1 is not using the D port (USE_DPORT = FALSE). For improved power characteristics, set DREG and ADREG to '1', tie CED, CEAD, and RSTD to logic '0'.
Related violations: <none>

AVAL-4#40 Advisory
enum_USE_DPORT_FALSE_enum_DREG_ADREG_0_connects_CED_CEAD_RSTD_GND  
i_system_wrapper/system_i/openwifi_ip/openofdm_rx_0/inst/dot11_i/sync_long_inst/rotate_inst/mult_inst/mult_inst/U0/i_synth/i_synth/four_mult_structure.use_dsp.i_dsp/re_im/use_DSP48.qDSP[0].appDSP[0].bppDSP[0].u_l[1].use_dsp48e1.dsp: DSP48E1 is not using the D port (USE_DPORT = FALSE). For improved power characteristics, set DREG and ADREG to '1', tie CED, CEAD, and RSTD to logic '0'.
Related violations: <none>

AVAL-4#41 Advisory
enum_USE_DPORT_FALSE_enum_DREG_ADREG_0_connects_CED_CEAD_RSTD_GND  
i_system_wrapper/system_i/openwifi_ip/openofdm_rx_0/inst/dot11_i/sync_long_inst/rotate_inst/mult_inst/mult_inst/U0/i_synth/i_synth/four_mult_structure.use_dsp.i_dsp/re_im/use_DSP48.qDSP[1].appDSP[0].bppDSP[0].u_l[0].use_dsp48e1.dsp: DSP48E1 is not using the D port (USE_DPORT = FALSE). For improved power characteristics, set DREG and ADREG to '1', tie CED, CEAD, and RSTD to logic '0'.
Related violations: <none>

AVAL-4#42 Advisory
enum_USE_DPORT_FALSE_enum_DREG_ADREG_0_connects_CED_CEAD_RSTD_GND  
i_system_wrapper/system_i/openwifi_ip/openofdm_rx_0/inst/dot11_i/sync_long_inst/rotate_inst/mult_inst/mult_inst/U0/i_synth/i_synth/four_mult_structure.use_dsp.i_dsp/re_im/use_DSP48.qDSP[1].appDSP[0].bppDSP[0].u_l[1].use_dsp48e1.dsp: DSP48E1 is not using the D port (USE_DPORT = FALSE). For improved power characteristics, set DREG and ADREG to '1', tie CED, CEAD, and RSTD to logic '0'.
Related violations: <none>

AVAL-4#43 Advisory
enum_USE_DPORT_FALSE_enum_DREG_ADREG_0_connects_CED_CEAD_RSTD_GND  
i_system_wrapper/system_i/openwifi_ip/openofdm_rx_0/inst/dot11_i/sync_long_inst/stage_mult_inst/mult_inst/U0/i_synth/i_synth/four_mult_structure.use_dsp.i_dsp/re_im/use_DSP48.qDSP[0].appDSP[0].bppDSP[0].u_l[0].use_dsp48e1.dsp: DSP48E1 is not using the D port (USE_DPORT = FALSE). For improved power characteristics, set DREG and ADREG to '1', tie CED, CEAD, and RSTD to logic '0'.
Related violations: <none>

AVAL-4#44 Advisory
enum_USE_DPORT_FALSE_enum_DREG_ADREG_0_connects_CED_CEAD_RSTD_GND  
i_system_wrapper/system_i/openwifi_ip/openofdm_rx_0/inst/dot11_i/sync_long_inst/stage_mult_inst/mult_inst/U0/i_synth/i_synth/four_mult_structure.use_dsp.i_dsp/re_im/use_DSP48.qDSP[0].appDSP[0].bppDSP[0].u_l[1].use_dsp48e1.dsp: DSP48E1 is not using the D port (USE_DPORT = FALSE). For improved power characteristics, set DREG and ADREG to '1', tie CED, CEAD, and RSTD to logic '0'.
Related violations: <none>

AVAL-4#45 Advisory
enum_USE_DPORT_FALSE_enum_DREG_ADREG_0_connects_CED_CEAD_RSTD_GND  
i_system_wrapper/system_i/openwifi_ip/openofdm_rx_0/inst/dot11_i/sync_long_inst/stage_mult_inst/mult_inst/U0/i_synth/i_synth/four_mult_structure.use_dsp.i_dsp/re_im/use_DSP48.qDSP[1].appDSP[0].bppDSP[0].u_l[0].use_dsp48e1.dsp: DSP48E1 is not using the D port (USE_DPORT = FALSE). For improved power characteristics, set DREG and ADREG to '1', tie CED, CEAD, and RSTD to logic '0'.
Related violations: <none>

AVAL-4#46 Advisory
enum_USE_DPORT_FALSE_enum_DREG_ADREG_0_connects_CED_CEAD_RSTD_GND  
i_system_wrapper/system_i/openwifi_ip/openofdm_rx_0/inst/dot11_i/sync_long_inst/stage_mult_inst/mult_inst/U0/i_synth/i_synth/four_mult_structure.use_dsp.i_dsp/re_im/use_DSP48.qDSP[1].appDSP[0].bppDSP[0].u_l[1].use_dsp48e1.dsp: DSP48E1 is not using the D port (USE_DPORT = FALSE). For improved power characteristics, set DREG and ADREG to '1', tie CED, CEAD, and RSTD to logic '0'.
Related violations: <none>

AVAL-4#47 Advisory
enum_USE_DPORT_FALSE_enum_DREG_ADREG_0_connects_CED_CEAD_RSTD_GND  
i_system_wrapper/system_i/openwifi_ip/openofdm_rx_0/inst/dot11_i/sync_long_inst/stage_mult_inst/mult_inst2/U0/i_synth/i_synth/four_mult_structure.use_dsp.i_dsp/re_im/use_DSP48.qDSP[0].appDSP[0].bppDSP[0].u_l[0].use_dsp48e1.dsp: DSP48E1 is not using the D port (USE_DPORT = FALSE). For improved power characteristics, set DREG and ADREG to '1', tie CED, CEAD, and RSTD to logic '0'.
Related violations: <none>

AVAL-4#48 Advisory
enum_USE_DPORT_FALSE_enum_DREG_ADREG_0_connects_CED_CEAD_RSTD_GND  
i_system_wrapper/system_i/openwifi_ip/openofdm_rx_0/inst/dot11_i/sync_long_inst/stage_mult_inst/mult_inst2/U0/i_synth/i_synth/four_mult_structure.use_dsp.i_dsp/re_im/use_DSP48.qDSP[0].appDSP[0].bppDSP[0].u_l[1].use_dsp48e1.dsp: DSP48E1 is not using the D port (USE_DPORT = FALSE). For improved power characteristics, set DREG and ADREG to '1', tie CED, CEAD, and RSTD to logic '0'.
Related violations: <none>

AVAL-4#49 Advisory
enum_USE_DPORT_FALSE_enum_DREG_ADREG_0_connects_CED_CEAD_RSTD_GND  
i_system_wrapper/system_i/openwifi_ip/openofdm_rx_0/inst/dot11_i/sync_long_inst/stage_mult_inst/mult_inst2/U0/i_synth/i_synth/four_mult_structure.use_dsp.i_dsp/re_im/use_DSP48.qDSP[1].appDSP[0].bppDSP[0].u_l[0].use_dsp48e1.dsp: DSP48E1 is not using the D port (USE_DPORT = FALSE). For improved power characteristics, set DREG and ADREG to '1', tie CED, CEAD, and RSTD to logic '0'.
Related violations: <none>

AVAL-4#50 Advisory
enum_USE_DPORT_FALSE_enum_DREG_ADREG_0_connects_CED_CEAD_RSTD_GND  
i_system_wrapper/system_i/openwifi_ip/openofdm_rx_0/inst/dot11_i/sync_long_inst/stage_mult_inst/mult_inst2/U0/i_synth/i_synth/four_mult_structure.use_dsp.i_dsp/re_im/use_DSP48.qDSP[1].appDSP[0].bppDSP[0].u_l[1].use_dsp48e1.dsp: DSP48E1 is not using the D port (USE_DPORT = FALSE). For improved power characteristics, set DREG and ADREG to '1', tie CED, CEAD, and RSTD to logic '0'.
Related violations: <none>

AVAL-4#51 Advisory
enum_USE_DPORT_FALSE_enum_DREG_ADREG_0_connects_CED_CEAD_RSTD_GND  
i_system_wrapper/system_i/openwifi_ip/openofdm_rx_0/inst/dot11_i/sync_long_inst/stage_mult_inst/mult_inst3/U0/i_synth/i_synth/four_mult_structure.use_dsp.i_dsp/re_im/use_DSP48.qDSP[0].appDSP[0].bppDSP[0].u_l[0].use_dsp48e1.dsp: DSP48E1 is not using the D port (USE_DPORT = FALSE). For improved power characteristics, set DREG and ADREG to '1', tie CED, CEAD, and RSTD to logic '0'.
Related violations: <none>

AVAL-4#52 Advisory
enum_USE_DPORT_FALSE_enum_DREG_ADREG_0_connects_CED_CEAD_RSTD_GND  
i_system_wrapper/system_i/openwifi_ip/openofdm_rx_0/inst/dot11_i/sync_long_inst/stage_mult_inst/mult_inst3/U0/i_synth/i_synth/four_mult_structure.use_dsp.i_dsp/re_im/use_DSP48.qDSP[0].appDSP[0].bppDSP[0].u_l[1].use_dsp48e1.dsp: DSP48E1 is not using the D port (USE_DPORT = FALSE). For improved power characteristics, set DREG and ADREG to '1', tie CED, CEAD, and RSTD to logic '0'.
Related violations: <none>

AVAL-4#53 Advisory
enum_USE_DPORT_FALSE_enum_DREG_ADREG_0_connects_CED_CEAD_RSTD_GND  
i_system_wrapper/system_i/openwifi_ip/openofdm_rx_0/inst/dot11_i/sync_long_inst/stage_mult_inst/mult_inst3/U0/i_synth/i_synth/four_mult_structure.use_dsp.i_dsp/re_im/use_DSP48.qDSP[1].appDSP[0].bppDSP[0].u_l[0].use_dsp48e1.dsp: DSP48E1 is not using the D port (USE_DPORT = FALSE). For improved power characteristics, set DREG and ADREG to '1', tie CED, CEAD, and RSTD to logic '0'.
Related violations: <none>

AVAL-4#54 Advisory
enum_USE_DPORT_FALSE_enum_DREG_ADREG_0_connects_CED_CEAD_RSTD_GND  
i_system_wrapper/system_i/openwifi_ip/openofdm_rx_0/inst/dot11_i/sync_long_inst/stage_mult_inst/mult_inst3/U0/i_synth/i_synth/four_mult_structure.use_dsp.i_dsp/re_im/use_DSP48.qDSP[1].appDSP[0].bppDSP[0].u_l[1].use_dsp48e1.dsp: DSP48E1 is not using the D port (USE_DPORT = FALSE). For improved power characteristics, set DREG and ADREG to '1', tie CED, CEAD, and RSTD to logic '0'.
Related violations: <none>

AVAL-4#55 Advisory
enum_USE_DPORT_FALSE_enum_DREG_ADREG_0_connects_CED_CEAD_RSTD_GND  
i_system_wrapper/system_i/openwifi_ip/openofdm_rx_0/inst/dot11_i/sync_long_inst/stage_mult_inst/mult_inst4/U0/i_synth/i_synth/four_mult_structure.use_dsp.i_dsp/re_im/use_DSP48.qDSP[0].appDSP[0].bppDSP[0].u_l[0].use_dsp48e1.dsp: DSP48E1 is not using the D port (USE_DPORT = FALSE). For improved power characteristics, set DREG and ADREG to '1', tie CED, CEAD, and RSTD to logic '0'.
Related violations: <none>

AVAL-4#56 Advisory
enum_USE_DPORT_FALSE_enum_DREG_ADREG_0_connects_CED_CEAD_RSTD_GND  
i_system_wrapper/system_i/openwifi_ip/openofdm_rx_0/inst/dot11_i/sync_long_inst/stage_mult_inst/mult_inst4/U0/i_synth/i_synth/four_mult_structure.use_dsp.i_dsp/re_im/use_DSP48.qDSP[0].appDSP[0].bppDSP[0].u_l[1].use_dsp48e1.dsp: DSP48E1 is not using the D port (USE_DPORT = FALSE). For improved power characteristics, set DREG and ADREG to '1', tie CED, CEAD, and RSTD to logic '0'.
Related violations: <none>

AVAL-4#57 Advisory
enum_USE_DPORT_FALSE_enum_DREG_ADREG_0_connects_CED_CEAD_RSTD_GND  
i_system_wrapper/system_i/openwifi_ip/openofdm_rx_0/inst/dot11_i/sync_long_inst/stage_mult_inst/mult_inst4/U0/i_synth/i_synth/four_mult_structure.use_dsp.i_dsp/re_im/use_DSP48.qDSP[1].appDSP[0].bppDSP[0].u_l[0].use_dsp48e1.dsp: DSP48E1 is not using the D port (USE_DPORT = FALSE). For improved power characteristics, set DREG and ADREG to '1', tie CED, CEAD, and RSTD to logic '0'.
Related violations: <none>

AVAL-4#58 Advisory
enum_USE_DPORT_FALSE_enum_DREG_ADREG_0_connects_CED_CEAD_RSTD_GND  
i_system_wrapper/system_i/openwifi_ip/openofdm_rx_0/inst/dot11_i/sync_long_inst/stage_mult_inst/mult_inst4/U0/i_synth/i_synth/four_mult_structure.use_dsp.i_dsp/re_im/use_DSP48.qDSP[1].appDSP[0].bppDSP[0].u_l[1].use_dsp48e1.dsp: DSP48E1 is not using the D port (USE_DPORT = FALSE). For improved power characteristics, set DREG and ADREG to '1', tie CED, CEAD, and RSTD to logic '0'.
Related violations: <none>

AVAL-4#59 Advisory
enum_USE_DPORT_FALSE_enum_DREG_ADREG_0_connects_CED_CEAD_RSTD_GND  
i_system_wrapper/system_i/openwifi_ip/openofdm_rx_0/inst/dot11_i/sync_short_inst/delay_prod_inst/mult_inst/U0/i_synth/i_synth/four_mult_structure.use_dsp.i_dsp/re_im/use_DSP48.qDSP[0].appDSP[0].bppDSP[0].u_l[0].use_dsp48e1.dsp: DSP48E1 is not using the D port (USE_DPORT = FALSE). For improved power characteristics, set DREG and ADREG to '1', tie CED, CEAD, and RSTD to logic '0'.
Related violations: <none>

AVAL-4#60 Advisory
enum_USE_DPORT_FALSE_enum_DREG_ADREG_0_connects_CED_CEAD_RSTD_GND  
i_system_wrapper/system_i/openwifi_ip/openofdm_rx_0/inst/dot11_i/sync_short_inst/delay_prod_inst/mult_inst/U0/i_synth/i_synth/four_mult_structure.use_dsp.i_dsp/re_im/use_DSP48.qDSP[0].appDSP[0].bppDSP[0].u_l[1].use_dsp48e1.dsp: DSP48E1 is not using the D port (USE_DPORT = FALSE). For improved power characteristics, set DREG and ADREG to '1', tie CED, CEAD, and RSTD to logic '0'.
Related violations: <none>

AVAL-4#61 Advisory
enum_USE_DPORT_FALSE_enum_DREG_ADREG_0_connects_CED_CEAD_RSTD_GND  
i_system_wrapper/system_i/openwifi_ip/openofdm_rx_0/inst/dot11_i/sync_short_inst/delay_prod_inst/mult_inst/U0/i_synth/i_synth/four_mult_structure.use_dsp.i_dsp/re_im/use_DSP48.qDSP[1].appDSP[0].bppDSP[0].u_l[0].use_dsp48e1.dsp: DSP48E1 is not using the D port (USE_DPORT = FALSE). For improved power characteristics, set DREG and ADREG to '1', tie CED, CEAD, and RSTD to logic '0'.
Related violations: <none>

AVAL-4#62 Advisory
enum_USE_DPORT_FALSE_enum_DREG_ADREG_0_connects_CED_CEAD_RSTD_GND  
i_system_wrapper/system_i/openwifi_ip/openofdm_rx_0/inst/dot11_i/sync_short_inst/delay_prod_inst/mult_inst/U0/i_synth/i_synth/four_mult_structure.use_dsp.i_dsp/re_im/use_DSP48.qDSP[1].appDSP[0].bppDSP[0].u_l[1].use_dsp48e1.dsp: DSP48E1 is not using the D port (USE_DPORT = FALSE). For improved power characteristics, set DREG and ADREG to '1', tie CED, CEAD, and RSTD to logic '0'.
Related violations: <none>

AVAL-4#63 Advisory
enum_USE_DPORT_FALSE_enum_DREG_ADREG_0_connects_CED_CEAD_RSTD_GND  
i_system_wrapper/system_i/openwifi_ip/openofdm_rx_0/inst/dot11_i/sync_short_inst/mag_sq_inst/mult_inst/mult_inst/U0/i_synth/i_synth/four_mult_structure.use_dsp.i_dsp/re_im/use_DSP48.qDSP[0].appDSP[0].bppDSP[0].u_l[0].use_dsp48e1.dsp: DSP48E1 is not using the D port (USE_DPORT = FALSE). For improved power characteristics, set DREG and ADREG to '1', tie CED, CEAD, and RSTD to logic '0'.
Related violations: <none>

AVAL-4#64 Advisory
enum_USE_DPORT_FALSE_enum_DREG_ADREG_0_connects_CED_CEAD_RSTD_GND  
i_system_wrapper/system_i/openwifi_ip/openofdm_rx_0/inst/dot11_i/sync_short_inst/mag_sq_inst/mult_inst/mult_inst/U0/i_synth/i_synth/four_mult_structure.use_dsp.i_dsp/re_im/use_DSP48.qDSP[0].appDSP[0].bppDSP[0].u_l[1].use_dsp48e1.dsp: DSP48E1 is not using the D port (USE_DPORT = FALSE). For improved power characteristics, set DREG and ADREG to '1', tie CED, CEAD, and RSTD to logic '0'.
Related violations: <none>

REQP-28#1 Advisory
enum_USE_MULT_NONE_connects_CEM_GND  
i_system_wrapper/system_i/openwifi_ip/xpu_0/inst/rssi_i/iq_abs_avg_i/dc_rm_i/mv_avg128_i/fir_compiler_0/U0/i_synth/g_single_rate.i_single_rate/g_semi_parallel_and_smac.g_paths[0].g_madd_array_and_accum.g_accum.i_accum/i_add_accum/g_dsp48.g_dsp48e1.i_dsp48e1: When the DSP48E1 USE_MULT attribute is set to NONE, the CEM input pin should be tied to GND to save power.
Related violations: <none>

REQP-28#2 Advisory
enum_USE_MULT_NONE_connects_CEM_GND  
i_system_wrapper/system_i/openwifi_ip/xpu_0/inst/rssi_i/iq_abs_avg_i/dc_rm_i/mv_avg128_i/fir_compiler_0/U0/i_synth/g_single_rate.i_single_rate/g_semi_parallel_and_smac.g_paths[1].g_madd_array_and_accum.g_accum.i_accum/i_add_accum/g_dsp48.g_dsp48e1.i_dsp48e1: When the DSP48E1 USE_MULT attribute is set to NONE, the CEM input pin should be tied to GND to save power.
Related violations: <none>

REQP-28#3 Advisory
enum_USE_MULT_NONE_connects_CEM_GND  
i_system_wrapper/system_i/openwifi_ip/xpu_0/inst/rssi_i/iq_abs_avg_i/mv_avg32_i/fir_compiler_0/U0/i_synth/g_single_rate.i_single_rate/g_semi_parallel_and_smac.g_paths[0].g_madd_array_and_accum.g_accum.i_accum/i_add_accum/g_dsp48.g_dsp48e1.i_dsp48e1: When the DSP48E1 USE_MULT attribute is set to NONE, the CEM input pin should be tied to GND to save power.
Related violations: <none>

REQP-28#4 Advisory
enum_USE_MULT_NONE_connects_CEM_GND  
i_system_wrapper/system_i/openwifi_ip/xpu_0/inst/rssi_i/iq_abs_avg_i/mv_avg32_i/fir_compiler_0/U0/i_synth/g_single_rate.i_single_rate/g_semi_parallel_and_smac.g_paths[1].g_madd_array_and_accum.g_accum.i_accum/i_add_accum/g_dsp48.g_dsp48e1.i_dsp48e1: When the DSP48E1 USE_MULT attribute is set to NONE, the CEM input pin should be tied to GND to save power.
Related violations: <none>

REQP-30#1 Advisory
enum_MREG_0_connects_CEM_GND  
i_system_wrapper/system_i/openwifi_ip/xpu_0/inst/rssi_i/iq_abs_avg_i/dc_rm_i/mv_avg128_i/fir_compiler_0/U0/i_synth/g_single_rate.i_single_rate/g_semi_parallel_and_smac.g_paths[0].g_madd_array_and_accum.g_accum.i_accum/i_add_accum/g_dsp48.g_dsp48e1.i_dsp48e1: When the DSP48E1 MREG attribute is set to 0, the CEM input pin should be tied to GND to save power.
Related violations: <none>

REQP-30#2 Advisory
enum_MREG_0_connects_CEM_GND  
i_system_wrapper/system_i/openwifi_ip/xpu_0/inst/rssi_i/iq_abs_avg_i/dc_rm_i/mv_avg128_i/fir_compiler_0/U0/i_synth/g_single_rate.i_single_rate/g_semi_parallel_and_smac.g_paths[1].g_madd_array_and_accum.g_accum.i_accum/i_add_accum/g_dsp48.g_dsp48e1.i_dsp48e1: When the DSP48E1 MREG attribute is set to 0, the CEM input pin should be tied to GND to save power.
Related violations: <none>

REQP-30#3 Advisory
enum_MREG_0_connects_CEM_GND  
i_system_wrapper/system_i/openwifi_ip/xpu_0/inst/rssi_i/iq_abs_avg_i/mv_avg32_i/fir_compiler_0/U0/i_synth/g_single_rate.i_single_rate/g_semi_parallel_and_smac.g_paths[0].g_madd_array_and_accum.g_accum.i_accum/i_add_accum/g_dsp48.g_dsp48e1.i_dsp48e1: When the DSP48E1 MREG attribute is set to 0, the CEM input pin should be tied to GND to save power.
Related violations: <none>

REQP-30#4 Advisory
enum_MREG_0_connects_CEM_GND  
i_system_wrapper/system_i/openwifi_ip/xpu_0/inst/rssi_i/iq_abs_avg_i/mv_avg32_i/fir_compiler_0/U0/i_synth/g_single_rate.i_single_rate/g_semi_parallel_and_smac.g_paths[1].g_madd_array_and_accum.g_accum.i_accum/i_add_accum/g_dsp48.g_dsp48e1.i_dsp48e1: When the DSP48E1 MREG attribute is set to 0, the CEM input pin should be tied to GND to save power.
Related violations: <none>

REQP-32#1 Advisory
with_OPMODE_USE_MULT_NONE  
i_system_wrapper/system_i/openwifi_ip/tx_intf_0/inst/duc_bank_core_i/fir_compiler_0/U0/i_synth/g_polyphase_interpolation.i_polyphase_interpolation/g_semi_parallel_and_smac.g_paths[0].g_rounder.i_rounder/i_rounder/g_dsp48.g_dsp48e1.i_dsp48e1: To save power with this DSP48E1 OPMODE input pin programming the USE_MULT attribute should be set to NONE.
Related violations: <none>

REQP-32#2 Advisory
with_OPMODE_USE_MULT_NONE  
i_system_wrapper/system_i/openwifi_ip/tx_intf_0/inst/duc_bank_core_i/fir_compiler_0/U0/i_synth/g_polyphase_interpolation.i_polyphase_interpolation/g_semi_parallel_and_smac.g_paths[1].g_rounder.i_rounder/i_rounder/g_dsp48.g_dsp48e1.i_dsp48e1: To save power with this DSP48E1 OPMODE input pin programming the USE_MULT attribute should be set to NONE.
Related violations: <none>

REQP-32#3 Advisory
with_OPMODE_USE_MULT_NONE  
i_system_wrapper/system_i/openwifi_ip/xpu_0/inst/rssi_i/iq_abs_avg_i/dc_rm_i/mv_avg128_i/fir_compiler_0/U0/i_synth/g_single_rate.i_single_rate/g_semi_parallel_and_smac.g_paths[0].g_rounder.i_rounder/i_rounder/g_dsp48.g_dsp48e1.i_dsp48e1: To save power with this DSP48E1 OPMODE input pin programming the USE_MULT attribute should be set to NONE.
Related violations: <none>

REQP-32#4 Advisory
with_OPMODE_USE_MULT_NONE  
i_system_wrapper/system_i/openwifi_ip/xpu_0/inst/rssi_i/iq_abs_avg_i/dc_rm_i/mv_avg128_i/fir_compiler_0/U0/i_synth/g_single_rate.i_single_rate/g_semi_parallel_and_smac.g_paths[1].g_rounder.i_rounder/i_rounder/g_dsp48.g_dsp48e1.i_dsp48e1: To save power with this DSP48E1 OPMODE input pin programming the USE_MULT attribute should be set to NONE.
Related violations: <none>

REQP-32#5 Advisory
with_OPMODE_USE_MULT_NONE  
i_system_wrapper/system_i/openwifi_ip/xpu_0/inst/rssi_i/iq_abs_avg_i/mv_avg32_i/fir_compiler_0/U0/i_synth/g_single_rate.i_single_rate/g_semi_parallel_and_smac.g_paths[0].g_rounder.i_rounder/i_rounder/g_dsp48.g_dsp48e1.i_dsp48e1: To save power with this DSP48E1 OPMODE input pin programming the USE_MULT attribute should be set to NONE.
Related violations: <none>

REQP-32#6 Advisory
with_OPMODE_USE_MULT_NONE  
i_system_wrapper/system_i/openwifi_ip/xpu_0/inst/rssi_i/iq_abs_avg_i/mv_avg32_i/fir_compiler_0/U0/i_synth/g_single_rate.i_single_rate/g_semi_parallel_and_smac.g_paths[1].g_rounder.i_rounder/i_rounder/g_dsp48.g_dsp48e1.i_dsp48e1: To save power with this DSP48E1 OPMODE input pin programming the USE_MULT attribute should be set to NONE.
Related violations: <none>

REQP-165#1 Advisory
writefirst  
Synchronous clocking is detected for BRAM (i_system_wrapper/system_i/openwifi_ip/openofdm_rx_0/inst/dot11_i/sync_long_inst/dft_inst/U0/i_synth/xfft_inst/non_floating_point.arch_d.xfft_inst/has_bit_reverse.dig_rev_mem/blk_ram.use_bram_only.mem/depths_3to9.ram_loop[0].use_RAMB18.SDP_RAMB18E1_36x512) in SDP mode with WRITE_FIRST write-mode. This is the preferred mode for best power characteristics, however it may exhibit address collisions if the same address appears on both read and write ports resulting in unknown or corrupted read data. It is suggested to confirm via simulation that an address collision never occurs and if so it is suggested to try and avoid this situation. If address collisions cannot be avoided, the write-mode may be set to READ_FIRST which guarantees that the read data is the prior contents of the memory at the cost of additional power in the design. See the FPGA Memory Resources User Guide for additional information.
Related violations: <none>

REQP-165#2 Advisory
writefirst  
Synchronous clocking is detected for BRAM (i_system_wrapper/system_i/openwifi_ip/openofdm_rx_0/inst/dot11_i/sync_long_inst/dft_inst/U0/i_synth/xfft_inst/non_floating_point.arch_d.xfft_inst/has_bit_reverse.dig_rev_mem/blk_ram.use_bram_only.mem/depths_3to9.ram_loop[1].use_RAMB18.SDP_RAMB18E1_36x512) in SDP mode with WRITE_FIRST write-mode. This is the preferred mode for best power characteristics, however it may exhibit address collisions if the same address appears on both read and write ports resulting in unknown or corrupted read data. It is suggested to confirm via simulation that an address collision never occurs and if so it is suggested to try and avoid this situation. If address collisions cannot be avoided, the write-mode may be set to READ_FIRST which guarantees that the read data is the prior contents of the memory at the cost of additional power in the design. See the FPGA Memory Resources User Guide for additional information.
Related violations: <none>


